# JRE version: OpenJDK Runtime Environment (8.0_152-b01) (build 1.8.0_152-release-915-b01)
# Java VM: OpenJDK 64-Bit Server VM (25.152-b01 mixed mode windows-amd64 compressed oops)
Heap:
 PSYoungGen      total 684544K, used 284595K [0x000000076ab00000, 0x00000007a6680000, 0x00000007c0000000)
  eden space 574464K, 30% used [0x000000076ab00000,0x000000077556edf8,0x000000078dc00000)
  from space 110080K, 99% used [0x000000078dc00000,0x000000079477de60,0x0000000794780000)
  to   space 152064K, 0% used [0x000000079d200000,0x000000079d200000,0x00000007a6680000)
 ParOldGen       total 297984K, used 229618K [0x00000006c0000000, 0x00000006d2300000, 0x000000076ab00000)
  object space 297984K, 77% used [0x00000006c0000000,0x00000006ce03ca38,0x00000006d2300000)
 Metaspace       used 6694K, capacity 7320K, committed 7680K, reserved 1056768K
  class space    used 614K, capacity 656K, committed 768K, reserved 1048576K
GC Heap History (10 events):
Event: 3.964 GC heap before
{Heap before GC invocations=9 (full 1):
 PSYoungGen      total 542720K, used 48123K [0x000000076ab00000, 0x0000000791f00000, 0x00000007c0000000)
  eden space 494592K, 0% used [0x000000076ab00000,0x000000076ab00000,0x0000000788e00000)
  from space 48128K, 99% used [0x000000078ce00000,0x000000078fcfee58,0x000000078fd00000)
  to   space 65536K, 0% used [0x0000000788e00000,0x0000000788e00000,0x000000078ce00000)
 ParOldGen       total 86016K, used 73757K [0x00000006c0000000, 0x00000006c5400000, 0x000000076ab00000)
  object space 86016K, 85% used [0x00000006c0000000,0x00000006c4807470,0x00000006c5400000)
 Metaspace       used 6645K, capacity 7320K, committed 7680K, reserved 1056768K
  class space    used 612K, capacity 656K, committed 768K, reserved 1048576K
Event: 4.717 GC heap after
Heap after GC invocations=9 (full 1):
 PSYoungGen      total 542720K, used 32701K [0x000000076ab00000, 0x0000000791f00000, 0x00000007c0000000)
  eden space 494592K, 0% used [0x000000076ab00000,0x000000076ab00000,0x0000000788e00000)
  from space 48128K, 67% used [0x000000078ce00000,0x000000078edef680,0x000000078fd00000)
  to   space 65536K, 0% used [0x0000000788e00000,0x0000000788e00000,0x000000078ce00000)
 ParOldGen       total 166912K, used 85726K [0x00000006c0000000, 0x00000006ca300000, 0x000000076ab00000)
  object space 166912K, 51% used [0x00000006c0000000,0x00000006c53b7bd0,0x00000006ca300000)
 Metaspace       used 6645K, capacity 7320K, committed 7680K, reserved 1056768K
  class space    used 612K, capacity 656K, committed 768K, reserved 1048576K
}
Event: 5.966 GC heap before
{Heap before GC invocations=10 (full 1):
 PSYoungGen      total 542720K, used 527293K [0x000000076ab00000, 0x0000000791f00000, 0x00000007c0000000)
  eden space 494592K, 100% used [0x000000076ab00000,0x0000000788e00000,0x0000000788e00000)
  from space 48128K, 67% used [0x000000078ce00000,0x000000078edef680,0x000000078fd00000)
  to   space 65536K, 0% used [0x0000000788e00000,0x0000000788e00000,0x000000078ce00000)
 ParOldGen       total 166912K, used 85726K [0x00000006c0000000, 0x00000006ca300000, 0x000000076ab00000)
  object space 166912K, 51% used [0x00000006c0000000,0x00000006c53b7bd0,0x00000006ca300000)
 Metaspace       used 6667K, capacity 7320K, committed 7680K, reserved 1056768K
  class space    used 612K, capacity 656K, committed 768K, reserved 1048576K
Event: 6.113 GC heap after
Heap after GC invocations=10 (full 1):
 PSYoungGen      total 560128K, used 65510K [0x000000076ab00000, 0x000000079b000000, 0x00000007c0000000)
  eden space 494592K, 0% used [0x000000076ab00000,0x000000076ab00000,0x0000000788e00000)
  from space 65536K, 99% used [0x0000000788e00000,0x000000078cdf9a98,0x000000078ce00000)
  to   space 94720K, 0% used [0x0000000795380000,0x0000000795380000,0x000000079b000000)
 ParOldGen       total 166912K, used 128208K [0x00000006c0000000, 0x00000006ca300000, 0x000000076ab00000)
  object space 166912K, 76% used [0x00000006c0000000,0x00000006c7d340e8,0x00000006ca300000)
 Metaspace       used 6667K, capacity 7320K, committed 7680K, reserved 1056768K
  class space    used 612K, capacity 656K, committed 768K, reserved 1048576K
}
Event: 6.113 GC heap before
{Heap before GC invocations=11 (full 2):
 PSYoungGen      total 560128K, used 65510K [0x000000076ab00000, 0x000000079b000000, 0x00000007c0000000)
  eden space 494592K, 0% used [0x000000076ab00000,0x000000076ab00000,0x0000000788e00000)
  from space 65536K, 99% used [0x0000000788e00000,0x000000078cdf9a98,0x000000078ce00000)
  to   space 94720K, 0% used [0x0000000795380000,0x0000000795380000,0x000000079b000000)
 ParOldGen       total 166912K, used 128208K [0x00000006c0000000, 0x00000006ca300000, 0x000000076ab00000)
  object space 166912K, 76% used [0x00000006c0000000,0x00000006c7d340e8,0x00000006ca300000)
 Metaspace       used 6667K, capacity 7320K, committed 7680K, reserved 1056768K
  class space    used 612K, capacity 656K, committed 768K, reserved 1048576K
Event: 6.739 GC heap after
Heap after GC invocations=11 (full 2):
 PSYoungGen      total 560128K, used 23458K [0x000000076ab00000, 0x000000079b000000, 0x00000007c0000000)
  eden space 494592K, 0% used [0x000000076ab00000,0x000000076ab00000,0x0000000788e00000)
  from space 65536K, 35% used [0x0000000788e00000,0x000000078a4e8b70,0x000000078ce00000)
  to   space 94720K, 0% used [0x0000000795380000,0x0000000795380000,0x000000079b000000)
 ParOldGen       total 297984K, used 166735K [0x00000006c0000000, 0x00000006d2300000, 0x000000076ab00000)
  object space 297984K, 55% used [0x00000006c0000000,0x00000006ca2d3fd8,0x00000006d2300000)
 Metaspace       used 6667K, capacity 7320K, committed 7680K, reserved 1056768K
  class space    used 612K, capacity 656K, committed 768K, reserved 1048576K
}
Event: 7.726 GC heap before
{Heap before GC invocations=12 (full 2):
 PSYoungGen      total 560128K, used 518050K [0x000000076ab00000, 0x000000079b000000, 0x00000007c0000000)
  eden space 494592K, 100% used [0x000000076ab00000,0x0000000788e00000,0x0000000788e00000)
  from space 65536K, 35% used [0x0000000788e00000,0x000000078a4e8b70,0x000000078ce00000)
  to   space 94720K, 0% used [0x0000000795380000,0x0000000795380000,0x000000079b000000)
 ParOldGen       total 297984K, used 166735K [0x00000006c0000000, 0x00000006d2300000, 0x000000076ab00000)
  object space 297984K, 55% used [0x00000006c0000000,0x00000006ca2d3fd8,0x00000006d2300000)
 Metaspace       used 6672K, capacity 7320K, committed 7680K, reserved 1056768K
  class space    used 613K, capacity 656K, committed 768K, reserved 1048576K
Event: 7.851 GC heap after
Heap after GC invocations=12 (full 2):
 PSYoungGen      total 669184K, used 90459K [0x000000076ab00000, 0x000000079b300000, 0x00000007c0000000)
  eden space 574464K, 0% used [0x000000076ab00000,0x000000076ab00000,0x000000078dc00000)
  from space 94720K, 95% used [0x0000000795380000,0x000000079abd6f28,0x000000079b000000)
  to   space 110080K, 0% used [0x000000078dc00000,0x000000078dc00000,0x0000000794780000)
 ParOldGen       total 297984K, used 168655K [0x00000006c0000000, 0x00000006d2300000, 0x000000076ab00000)
  object space 297984K, 56% used [0x00000006c0000000,0x00000006ca4b3fd8,0x00000006d2300000)
 Metaspace       used 6672K, capacity 7320K, committed 7680K, reserved 1056768K
  class space    used 613K, capacity 656K, committed 768K, reserved 1048576K
}
Event: 9.073 GC heap before
{Heap before GC invocations=13 (full 2):
 PSYoungGen      total 669184K, used 664923K [0x000000076ab00000, 0x000000079b300000, 0x00000007c0000000)
  eden space 574464K, 100% used [0x000000076ab00000,0x000000078dc00000,0x000000078dc00000)
  from space 94720K, 95% used [0x0000000795380000,0x000000079abd6f28,0x000000079b000000)
  to   space 110080K, 0% used [0x000000078dc00000,0x000000078dc00000,0x0000000794780000)
 ParOldGen       total 297984K, used 168655K [0x00000006c0000000, 0x00000006d2300000, 0x000000076ab00000)
  object space 297984K, 56% used [0x00000006c0000000,0x00000006ca4b3fd8,0x00000006d2300000)
 Metaspace       used 6692K, capacity 7320K, committed 7680K, reserved 1056768K
  class space    used 613K, capacity 656K, committed 768K, reserved 1048576K
Event: 9.245 GC heap after
Heap after GC invocations=13 (full 2):
 PSYoungGen      total 684544K, used 110071K [0x000000076ab00000, 0x00000007a6680000, 0x00000007c0000000)
  eden space 574464K, 0% used [0x000000076ab00000,0x000000076ab00000,0x000000078dc00000)
  from space 110080K, 99% used [0x000000078dc00000,0x000000079477de60,0x0000000794780000)
  to   space 152064K, 0% used [0x000000079d200000,0x000000079d200000,0x00000007a6680000)
 ParOldGen       total 297984K, used 229618K [0x00000006c0000000, 0x00000006d2300000, 0x000000076ab00000)
  object space 297984K, 77% used [0x00000006c0000000,0x00000006ce03ca38,0x00000006d2300000)
 Metaspace       used 6692K, capacity 7320K, committed 7680K, reserved 1056768K
  class space    used 613K, capacity 656K, committed 768K, reserved 1048576K
}

