# JRE version: OpenJDK Runtime Environment (8.0_152-b01) (build 1.8.0_152-release-915-b01)
# Java VM: OpenJDK 64-Bit Server VM (25.152-b01 mixed mode windows-amd64 compressed oops)
Heap:
 PSYoungGen      total 1003008K, used 530454K [0x000000076ab00000, 0x00000007c0000000, 0x00000007c0000000)
  eden space 608256K, 62% used [0x000000076ab00000,0x0000000781ca8588,0x000000078fd00000)
  from space 394752K, 38% used [0x000000078fd00000,0x000000079915d348,0x00000007a7e80000)
  to   space 372736K, 0% used [0x00000007a9400000,0x00000007a9400000,0x00000007c0000000)
 ParOldGen       total 1152000K, used 831929K [0x00000006c0000000, 0x0000000706500000, 0x000000076ab00000)
  object space 1152000K, 72% used [0x00000006c0000000,0x00000006f2c6e5a8,0x0000000706500000)
 Metaspace       used 7224K, capacity 7736K, committed 7936K, reserved 1056768K
  class space    used 637K, capacity 688K, committed 768K, reserved 1048576K
GC Heap History (10 events):
Event: 19.226 GC heap before
{Heap before GC invocations=20 (full 4):
 PSYoungGen      total 901632K, used 901630K [0x000000076ab00000, 0x00000007bc380000, 0x00000007c0000000)
  eden space 696832K, 100% used [0x000000076ab00000,0x0000000795380000,0x0000000795380000)
  from space 204800K, 99% used [0x0000000795380000,0x00000007a1b7fb38,0x00000007a1b80000)
  to   space 267776K, 0% used [0x00000007abe00000,0x00000007abe00000,0x00000007bc380000)
 ParOldGen       total 801280K, used 590384K [0x00000006c0000000, 0x00000006f0e80000, 0x000000076ab00000)
  object space 801280K, 73% used [0x00000006c0000000,0x00000006e408c260,0x00000006f0e80000)
 Metaspace       used 6704K, capacity 7320K, committed 7680K, reserved 1056768K
  class space    used 615K, capacity 656K, committed 768K, reserved 1048576K
Event: 19.428 GC heap after
Heap after GC invocations=20 (full 4):
 PSYoungGen      total 1047552K, used 196680K [0x000000076ab00000, 0x00000007bf600000, 0x00000007c0000000)
  eden space 779776K, 0% used [0x000000076ab00000,0x000000076ab00000,0x000000079a480000)
  from space 267776K, 73% used [0x00000007abe00000,0x00000007b7e12250,0x00000007bc380000)
  to   space 288256K, 0% used [0x000000079a480000,0x000000079a480000,0x00000007abe00000)
 ParOldGen       total 801280K, used 657042K [0x00000006c0000000, 0x00000006f0e80000, 0x000000076ab00000)
  object space 801280K, 81% used [0x00000006c0000000,0x00000006e81a48b0,0x00000006f0e80000)
 Metaspace       used 6704K, capacity 7320K, committed 7680K, reserved 1056768K
  class space    used 615K, capacity 656K, committed 768K, reserved 1048576K
}
Event: 20.593 GC heap before
{Heap before GC invocations=21 (full 4):
 PSYoungGen      total 1047552K, used 976456K [0x000000076ab00000, 0x00000007bf600000, 0x00000007c0000000)
  eden space 779776K, 100% used [0x000000076ab00000,0x000000079a480000,0x000000079a480000)
  from space 267776K, 73% used [0x00000007abe00000,0x00000007b7e12250,0x00000007bc380000)
  to   space 288256K, 0% used [0x000000079a480000,0x000000079a480000,0x00000007abe00000)
 ParOldGen       total 801280K, used 657042K [0x00000006c0000000, 0x00000006f0e80000, 0x000000076ab00000)
  object space 801280K, 81% used [0x00000006c0000000,0x00000006e81a48b0,0x00000006f0e80000)
 Metaspace       used 6769K, capacity 7384K, committed 7680K, reserved 1056768K
  class space    used 619K, capacity 656K, committed 768K, reserved 1048576K
Event: 20.864 GC heap after
Heap after GC invocations=21 (full 4):
 PSYoungGen      total 1068032K, used 247026K [0x000000076ab00000, 0x00000007c0000000, 0x00000007c0000000)
  eden space 779776K, 0% used [0x000000076ab00000,0x000000076ab00000,0x000000079a480000)
  from space 288256K, 85% used [0x000000079a480000,0x00000007a95bcb60,0x00000007abe00000)
  to   space 322560K, 0% used [0x00000007ac500000,0x00000007ac500000,0x00000007c0000000)
 ParOldGen       total 801280K, used 657042K [0x00000006c0000000, 0x00000006f0e80000, 0x000000076ab00000)
  object space 801280K, 81% used [0x00000006c0000000,0x00000006e81a48b0,0x00000006f0e80000)
 Metaspace       used 6769K, capacity 7384K, committed 7680K, reserved 1056768K
  class space    used 619K, capacity 656K, committed 768K, reserved 1048576K
}
Event: 22.551 GC heap before
{Heap before GC invocations=22 (full 4):
 PSYoungGen      total 1068032K, used 1026802K [0x000000076ab00000, 0x00000007c0000000, 0x00000007c0000000)
  eden space 779776K, 100% used [0x000000076ab00000,0x000000079a480000,0x000000079a480000)
  from space 288256K, 85% used [0x000000079a480000,0x00000007a95bcb60,0x00000007abe00000)
  to   space 322560K, 0% used [0x00000007ac500000,0x00000007ac500000,0x00000007c0000000)
 ParOldGen       total 801280K, used 657042K [0x00000006c0000000, 0x00000006f0e80000, 0x000000076ab00000)
  object space 801280K, 81% used [0x00000006c0000000,0x00000006e81a48b0,0x00000006f0e80000)
 Metaspace       used 7073K, capacity 7576K, committed 7936K, reserved 1056768K
  class space    used 633K, capacity 656K, committed 768K, reserved 1048576K
Event: 22.866 GC heap after
Heap after GC invocations=22 (full 4):
 PSYoungGen      total 930816K, used 322545K [0x000000076ab00000, 0x00000007c0000000, 0x00000007c0000000)
  eden space 608256K, 0% used [0x000000076ab00000,0x000000076ab00000,0x000000078fd00000)
  from space 322560K, 99% used [0x00000007ac500000,0x00000007bfffc530,0x00000007c0000000)
  to   space 394752K, 0% used [0x000000078fd00000,0x000000078fd00000,0x00000007a7e80000)
 ParOldGen       total 801280K, used 703497K [0x00000006c0000000, 0x00000006f0e80000, 0x000000076ab00000)
  object space 801280K, 87% used [0x00000006c0000000,0x00000006eaf026d0,0x00000006f0e80000)
 Metaspace       used 7073K, capacity 7576K, committed 7936K, reserved 1056768K
  class space    used 633K, capacity 656K, committed 768K, reserved 1048576K
}
Event: 22.866 GC heap before
{Heap before GC invocations=23 (full 5):
 PSYoungGen      total 930816K, used 322545K [0x000000076ab00000, 0x00000007c0000000, 0x00000007c0000000)
  eden space 608256K, 0% used [0x000000076ab00000,0x000000076ab00000,0x000000078fd00000)
  from space 322560K, 99% used [0x00000007ac500000,0x00000007bfffc530,0x00000007c0000000)
  to   space 394752K, 0% used [0x000000078fd00000,0x000000078fd00000,0x00000007a7e80000)
 ParOldGen       total 801280K, used 703497K [0x00000006c0000000, 0x00000006f0e80000, 0x000000076ab00000)
  object space 801280K, 87% used [0x00000006c0000000,0x00000006eaf026d0,0x00000006f0e80000)
 Metaspace       used 7073K, capacity 7576K, committed 7936K, reserved 1056768K
  class space    used 633K, capacity 656K, committed 768K, reserved 1048576K
Event: 27.721 GC heap after
Heap after GC invocations=23 (full 5):
 PSYoungGen      total 930816K, used 109560K [0x000000076ab00000, 0x00000007c0000000, 0x00000007c0000000)
  eden space 608256K, 0% used [0x000000076ab00000,0x000000076ab00000,0x000000078fd00000)
  from space 322560K, 33% used [0x00000007ac500000,0x00000007b2ffe088,0x00000007c0000000)
  to   space 394752K, 0% used [0x000000078fd00000,0x000000078fd00000,0x00000007a7e80000)
 ParOldGen       total 1152000K, used 801273K [0x00000006c0000000, 0x0000000706500000, 0x000000076ab00000)
  object space 1152000K, 69% used [0x00000006c0000000,0x00000006f0e7e5a8,0x0000000706500000)
 Metaspace       used 7073K, capacity 7576K, committed 7936K, reserved 1056768K
  class space    used 633K, capacity 656K, committed 768K, reserved 1048576K
}
Event: 29.212 GC heap before
{Heap before GC invocations=24 (full 5):
 PSYoungGen      total 930816K, used 717816K [0x000000076ab00000, 0x00000007c0000000, 0x00000007c0000000)
  eden space 608256K, 100% used [0x000000076ab00000,0x000000078fd00000,0x000000078fd00000)
  from space 322560K, 33% used [0x00000007ac500000,0x00000007b2ffe088,0x00000007c0000000)
  to   space 394752K, 0% used [0x000000078fd00000,0x000000078fd00000,0x00000007a7e80000)
 ParOldGen       total 1152000K, used 801273K [0x00000006c0000000, 0x0000000706500000, 0x000000076ab00000)
  object space 1152000K, 69% used [0x00000006c0000000,0x00000006f0e7e5a8,0x0000000706500000)
 Metaspace       used 7094K, capacity 7576K, committed 7936K, reserved 1056768K
  class space    used 634K, capacity 656K, committed 768K, reserved 1048576K
Event: 29.483 GC heap after
Heap after GC invocations=24 (full 5):
 PSYoungGen      total 1003008K, used 151924K [0x000000076ab00000, 0x00000007c0000000, 0x00000007c0000000)
  eden space 608256K, 0% used [0x000000076ab00000,0x000000076ab00000,0x000000078fd00000)
  from space 394752K, 38% used [0x000000078fd00000,0x000000079915d348,0x00000007a7e80000)
  to   space 372736K, 0% used [0x00000007a9400000,0x00000007a9400000,0x00000007c0000000)
 ParOldGen       total 1152000K, used 831929K [0x00000006c0000000, 0x0000000706500000, 0x000000076ab00000)
  object space 1152000K, 72% used [0x00000006c0000000,0x00000006f2c6e5a8,0x0000000706500000)
 Metaspace       used 7094K, capacity 7576K, committed 7936K, reserved 1056768K
  class space    used 634K, capacity 656K, committed 768K, reserved 1048576K
}

