# JRE version: OpenJDK Runtime Environment (8.0_152-b01) (build 1.8.0_152-release-915-b01)
# Java VM: OpenJDK 64-Bit Server VM (25.152-b01 mixed mode windows-amd64 compressed oops)
Heap:
 PSYoungGen      total 904192K, used 38916K [0x000000076ab00000, 0x00000007b0480000, 0x00000007c0000000)
  eden space 702976K, 5% used [0x000000076ab00000,0x000000076d101150,0x0000000795980000)
  from space 201216K, 0% used [0x0000000795980000,0x0000000795980000,0x00000007a1e00000)
  to   space 177664K, 0% used [0x00000007a1e00000,0x00000007a1e00000,0x00000007acb80000)
 ParOldGen       total 802816K, used 802770K [0x00000006c0000000, 0x00000006f1000000, 0x000000076ab00000)
  object space 802816K, 99% used [0x00000006c0000000,0x00000006f0ff4aa0,0x00000006f1000000)
 Metaspace       used 6711K, capacity 7320K, committed 7680K, reserved 1056768K
  class space    used 615K, capacity 656K, committed 768K, reserved 1048576K
GC Heap History (10 events):
Event: 14.442 GC heap before
{Heap before GC invocations=18 (full 4):
 PSYoungGen      total 880640K, used 157939K [0x000000076ab00000, 0x00000007b0480000, 0x00000007c0000000)
  eden space 702976K, 0% used [0x000000076ab00000,0x000000076ab00000,0x0000000795980000)
  from space 177664K, 88% used [0x00000007a1e00000,0x00000007ab83cd30,0x00000007acb80000)
  to   space 201216K, 0% used [0x0000000795980000,0x0000000795980000,0x00000007a1e00000)
 ParOldGen       total 516608K, used 440178K [0x00000006c0000000, 0x00000006df880000, 0x000000076ab00000)
  object space 516608K, 85% used [0x00000006c0000000,0x00000006daddc900,0x00000006df880000)
 Metaspace       used 6707K, capacity 7320K, committed 7680K, reserved 1056768K
  class space    used 615K, capacity 656K, committed 768K, reserved 1048576K
Event: 16.721 GC heap after
Heap after GC invocations=18 (full 4):
 PSYoungGen      total 880640K, used 78606K [0x000000076ab00000, 0x00000007b0480000, 0x00000007c0000000)
  eden space 702976K, 0% used [0x000000076ab00000,0x000000076ab00000,0x0000000795980000)
  from space 177664K, 44% used [0x00000007a1e00000,0x00000007a6ac3b18,0x00000007acb80000)
  to   space 201216K, 0% used [0x0000000795980000,0x0000000795980000,0x00000007a1e00000)
 ParOldGen       total 801792K, used 516516K [0x00000006c0000000, 0x00000006f0f00000, 0x000000076ab00000)
  object space 801792K, 64% used [0x00000006c0000000,0x00000006df8691e0,0x00000006f0f00000)
 Metaspace       used 6707K, capacity 7320K, committed 7680K, reserved 1056768K
  class space    used 615K, capacity 656K, committed 768K, reserved 1048576K
}
Event: 18.310 GC heap before
{Heap before GC invocations=19 (full 4):
 PSYoungGen      total 880640K, used 781582K [0x000000076ab00000, 0x00000007b0480000, 0x00000007c0000000)
  eden space 702976K, 100% used [0x000000076ab00000,0x0000000795980000,0x0000000795980000)
  from space 177664K, 44% used [0x00000007a1e00000,0x00000007a6ac3b18,0x00000007acb80000)
  to   space 201216K, 0% used [0x0000000795980000,0x0000000795980000,0x00000007a1e00000)
 ParOldGen       total 801792K, used 516516K [0x00000006c0000000, 0x00000006f0f00000, 0x000000076ab00000)
  object space 801792K, 64% used [0x00000006c0000000,0x00000006df8691e0,0x00000006f0f00000)
 Metaspace       used 6709K, capacity 7320K, committed 7680K, reserved 1056768K
  class space    used 615K, capacity 656K, committed 768K, reserved 1048576K
Event: 18.610 GC heap after
Heap after GC invocations=19 (full 4):
 PSYoungGen      total 904192K, used 201188K [0x000000076ab00000, 0x00000007b0480000, 0x00000007c0000000)
  eden space 702976K, 0% used [0x000000076ab00000,0x000000076ab00000,0x0000000795980000)
  from space 201216K, 99% used [0x0000000795980000,0x00000007a1df9178,0x00000007a1e00000)
  to   space 177664K, 0% used [0x00000007a1e00000,0x00000007a1e00000,0x00000007acb80000)
 ParOldGen       total 801792K, used 561652K [0x00000006c0000000, 0x00000006f0f00000, 0x000000076ab00000)
  object space 801792K, 70% used [0x00000006c0000000,0x00000006e247d320,0x00000006f0f00000)
 Metaspace       used 6709K, capacity 7320K, committed 7680K, reserved 1056768K
  class space    used 615K, capacity 656K, committed 768K, reserved 1048576K
}
Event: 20.120 GC heap before
{Heap before GC invocations=20 (full 4):
 PSYoungGen      total 904192K, used 904164K [0x000000076ab00000, 0x00000007b0480000, 0x00000007c0000000)
  eden space 702976K, 100% used [0x000000076ab00000,0x0000000795980000,0x0000000795980000)
  from space 201216K, 99% used [0x0000000795980000,0x00000007a1df9178,0x00000007a1e00000)
  to   space 177664K, 0% used [0x00000007a1e00000,0x00000007a1e00000,0x00000007acb80000)
 ParOldGen       total 801792K, used 561652K [0x00000006c0000000, 0x00000006f0f00000, 0x000000076ab00000)
  object space 801792K, 70% used [0x00000006c0000000,0x00000006e247d320,0x00000006f0f00000)
 Metaspace       used 6709K, capacity 7320K, committed 7680K, reserved 1056768K
  class space    used 615K, capacity 656K, committed 768K, reserved 1048576K
Event: 20.341 GC heap after
Heap after GC invocations=20 (full 4):
 PSYoungGen      total 880640K, used 177638K [0x000000076ab00000, 0x00000007b0480000, 0x00000007c0000000)
  eden space 702976K, 0% used [0x000000076ab00000,0x000000076ab00000,0x0000000795980000)
  from space 177664K, 99% used [0x00000007a1e00000,0x00000007acb799a8,0x00000007acb80000)
  to   space 201216K, 0% used [0x0000000795980000,0x0000000795980000,0x00000007a1e00000)
 ParOldGen       total 801792K, used 635030K [0x00000006c0000000, 0x00000006f0f00000, 0x000000076ab00000)
  object space 801792K, 79% used [0x00000006c0000000,0x00000006e6c25a48,0x00000006f0f00000)
 Metaspace       used 6709K, capacity 7320K, committed 7680K, reserved 1056768K
  class space    used 615K, capacity 656K, committed 768K, reserved 1048576K
}
Event: 21.760 GC heap before
{Heap before GC invocations=21 (full 4):
 PSYoungGen      total 880640K, used 880614K [0x000000076ab00000, 0x00000007b0480000, 0x00000007c0000000)
  eden space 702976K, 100% used [0x000000076ab00000,0x0000000795980000,0x0000000795980000)
  from space 177664K, 99% used [0x00000007a1e00000,0x00000007acb799a8,0x00000007acb80000)
  to   space 201216K, 0% used [0x0000000795980000,0x0000000795980000,0x00000007a1e00000)
 ParOldGen       total 801792K, used 635030K [0x00000006c0000000, 0x00000006f0f00000, 0x000000076ab00000)
  object space 801792K, 79% used [0x00000006c0000000,0x00000006e6c25a48,0x00000006f0f00000)
 Metaspace       used 6711K, capacity 7320K, committed 7680K, reserved 1056768K
  class space    used 615K, capacity 656K, committed 768K, reserved 1048576K
Event: 22.058 GC heap after
Heap after GC invocations=21 (full 4):
 PSYoungGen      total 904192K, used 87407K [0x000000076ab00000, 0x00000007b0480000, 0x00000007c0000000)
  eden space 702976K, 0% used [0x000000076ab00000,0x000000076ab00000,0x0000000795980000)
  from space 201216K, 43% used [0x0000000795980000,0x000000079aedbcd0,0x00000007a1e00000)
  to   space 177664K, 0% used [0x00000007a1e00000,0x00000007a1e00000,0x00000007acb80000)
 ParOldGen       total 802816K, used 802314K [0x00000006c0000000, 0x00000006f1000000, 0x000000076ab00000)
  object space 802816K, 99% used [0x00000006c0000000,0x00000006f0f82ac0,0x00000006f1000000)
 Metaspace       used 6711K, capacity 7320K, committed 7680K, reserved 1056768K
  class space    used 615K, capacity 656K, committed 768K, reserved 1048576K
}
Event: 22.058 GC heap before
{Heap before GC invocations=22 (full 5):
 PSYoungGen      total 904192K, used 87407K [0x000000076ab00000, 0x00000007b0480000, 0x00000007c0000000)
  eden space 702976K, 0% used [0x000000076ab00000,0x000000076ab00000,0x0000000795980000)
  from space 201216K, 43% used [0x0000000795980000,0x000000079aedbcd0,0x00000007a1e00000)
  to   space 177664K, 0% used [0x00000007a1e00000,0x00000007a1e00000,0x00000007acb80000)
 ParOldGen       total 802816K, used 802314K [0x00000006c0000000, 0x00000006f1000000, 0x000000076ab00000)
  object space 802816K, 99% used [0x00000006c0000000,0x00000006f0f82ac0,0x00000006f1000000)
 Metaspace       used 6711K, capacity 7320K, committed 7680K, reserved 1056768K
  class space    used 615K, capacity 656K, committed 768K, reserved 1048576K
Event: 24.009 GC heap after
Heap after GC invocations=22 (full 5):
 PSYoungGen      total 904192K, used 0K [0x000000076ab00000, 0x00000007b0480000, 0x00000007c0000000)
  eden space 702976K, 0% used [0x000000076ab00000,0x000000076ab00000,0x0000000795980000)
  from space 201216K, 0% used [0x0000000795980000,0x0000000795980000,0x00000007a1e00000)
  to   space 177664K, 0% used [0x00000007a1e00000,0x00000007a1e00000,0x00000007acb80000)
 ParOldGen       total 802816K, used 802770K [0x00000006c0000000, 0x00000006f1000000, 0x000000076ab00000)
  object space 802816K, 99% used [0x00000006c0000000,0x00000006f0ff4aa0,0x00000006f1000000)
 Metaspace       used 6711K, capacity 7320K, committed 7680K, reserved 1056768K
  class space    used 615K, capacity 656K, committed 768K, reserved 1048576K
}

