# JRE version: OpenJDK Runtime Environment (8.0_152-b01) (build 1.8.0_152-release-915-b01)
# Java VM: OpenJDK 64-Bit Server VM (25.152-b01 mixed mode windows-amd64 compressed oops)
Heap:
 PSYoungGen      total 912896K, used 303650K [0x000000076ab00000, 0x00000007ad600000, 0x00000007c0000000)
  eden space 737792K, 41% used [0x000000076ab00000,0x000000077d388a28,0x0000000797b80000)
  from space 175104K, 0% used [0x0000000797b80000,0x0000000797b80000,0x00000007a2680000)
  to   space 152064K, 0% used [0x00000007a2680000,0x00000007a2680000,0x00000007abb00000)
 ParOldGen       total 729600K, used 729584K [0x00000006c0000000, 0x00000006ec880000, 0x000000076ab00000)
  object space 729600K, 99% used [0x00000006c0000000,0x00000006ec87c360,0x00000006ec880000)
 Metaspace       used 7043K, capacity 7576K, committed 7936K, reserved 1056768K
  class space    used 633K, capacity 656K, committed 768K, reserved 1048576K
GC Heap History (10 events):
Event: 23.470 GC heap before
{Heap before GC invocations=18 (full 4):
 PSYoungGen      total 783360K, used 686712K [0x000000076ab00000, 0x00000007abb00000, 0x00000007c0000000)
  eden space 641024K, 100% used [0x000000076ab00000,0x0000000791d00000,0x0000000791d00000)
  from space 142336K, 32% used [0x0000000791d00000,0x000000079499e318,0x000000079a800000)
  to   space 152064K, 0% used [0x00000007a2680000,0x00000007a2680000,0x00000007abb00000)
 ParOldGen       total 729600K, used 466154K [0x00000006c0000000, 0x00000006ec880000, 0x000000076ab00000)
  object space 729600K, 63% used [0x00000006c0000000,0x00000006dc73ab80,0x00000006ec880000)
 Metaspace       used 6699K, capacity 7320K, committed 7680K, reserved 1056768K
  class space    used 615K, capacity 656K, committed 768K, reserved 1048576K
Event: 23.708 GC heap after
Heap after GC invocations=18 (full 4):
 PSYoungGen      total 889856K, used 144725K [0x000000076ab00000, 0x00000007ad600000, 0x00000007c0000000)
  eden space 737792K, 0% used [0x000000076ab00000,0x000000076ab00000,0x0000000797b80000)
  from space 152064K, 95% used [0x00000007a2680000,0x00000007ab3d5568,0x00000007abb00000)
  to   space 175104K, 0% used [0x0000000797b80000,0x0000000797b80000,0x00000007a2680000)
 ParOldGen       total 729600K, used 466154K [0x00000006c0000000, 0x00000006ec880000, 0x000000076ab00000)
  object space 729600K, 63% used [0x00000006c0000000,0x00000006dc73ab80,0x00000006ec880000)
 Metaspace       used 6699K, capacity 7320K, committed 7680K, reserved 1056768K
  class space    used 615K, capacity 656K, committed 768K, reserved 1048576K
}
Event: 26.507 GC heap before
{Heap before GC invocations=19 (full 4):
 PSYoungGen      total 889856K, used 882517K [0x000000076ab00000, 0x00000007ad600000, 0x00000007c0000000)
  eden space 737792K, 100% used [0x000000076ab00000,0x0000000797b80000,0x0000000797b80000)
  from space 152064K, 95% used [0x00000007a2680000,0x00000007ab3d5568,0x00000007abb00000)
  to   space 175104K, 0% used [0x0000000797b80000,0x0000000797b80000,0x00000007a2680000)
 ParOldGen       total 729600K, used 466154K [0x00000006c0000000, 0x00000006ec880000, 0x000000076ab00000)
  object space 729600K, 63% used [0x00000006c0000000,0x00000006dc73ab80,0x00000006ec880000)
 Metaspace       used 6700K, capacity 7320K, committed 7680K, reserved 1056768K
  class space    used 615K, capacity 656K, committed 768K, reserved 1048576K
Event: 26.761 GC heap after
Heap after GC invocations=19 (full 4):
 PSYoungGen      total 912896K, used 175098K [0x000000076ab00000, 0x00000007ad600000, 0x00000007c0000000)
  eden space 737792K, 0% used [0x000000076ab00000,0x000000076ab00000,0x0000000797b80000)
  from space 175104K, 99% used [0x0000000797b80000,0x00000007a267e908,0x00000007a2680000)
  to   space 152064K, 0% used [0x00000007a2680000,0x00000007a2680000,0x00000007abb00000)
 ParOldGen       total 729600K, used 661920K [0x00000006c0000000, 0x00000006ec880000, 0x000000076ab00000)
  object space 729600K, 90% used [0x00000006c0000000,0x00000006e8668048,0x00000006ec880000)
 Metaspace       used 6700K, capacity 7320K, committed 7680K, reserved 1056768K
  class space    used 615K, capacity 656K, committed 768K, reserved 1048576K
}
Event: 26.761 GC heap before
{Heap before GC invocations=20 (full 5):
 PSYoungGen      total 912896K, used 175098K [0x000000076ab00000, 0x00000007ad600000, 0x00000007c0000000)
  eden space 737792K, 0% used [0x000000076ab00000,0x000000076ab00000,0x0000000797b80000)
  from space 175104K, 99% used [0x0000000797b80000,0x00000007a267e908,0x00000007a2680000)
  to   space 152064K, 0% used [0x00000007a2680000,0x00000007a2680000,0x00000007abb00000)
 ParOldGen       total 729600K, used 661920K [0x00000006c0000000, 0x00000006ec880000, 0x000000076ab00000)
  object space 729600K, 90% used [0x00000006c0000000,0x00000006e8668048,0x00000006ec880000)
 Metaspace       used 6700K, capacity 7320K, committed 7680K, reserved 1056768K
  class space    used 615K, capacity 656K, committed 768K, reserved 1048576K
Event: 29.122 GC heap after
Heap after GC invocations=20 (full 5):
 PSYoungGen      total 912896K, used 101577K [0x000000076ab00000, 0x00000007ad600000, 0x00000007c0000000)
  eden space 737792K, 0% used [0x000000076ab00000,0x000000076ab00000,0x0000000797b80000)
  from space 175104K, 58% used [0x0000000797b80000,0x000000079deb24c0,0x00000007a2680000)
  to   space 152064K, 0% used [0x00000007a2680000,0x00000007a2680000,0x00000007abb00000)
 ParOldGen       total 729600K, used 729339K [0x00000006c0000000, 0x00000006ec880000, 0x000000076ab00000)
  object space 729600K, 99% used [0x00000006c0000000,0x00000006ec83ee68,0x00000006ec880000)
 Metaspace       used 6700K, capacity 7320K, committed 7680K, reserved 1056768K
  class space    used 615K, capacity 656K, committed 768K, reserved 1048576K
}
Event: 30.282 GC heap before
{Heap before GC invocations=21 (full 6):
 PSYoungGen      total 912896K, used 839369K [0x000000076ab00000, 0x00000007ad600000, 0x00000007c0000000)
  eden space 737792K, 100% used [0x000000076ab00000,0x0000000797b80000,0x0000000797b80000)
  from space 175104K, 58% used [0x0000000797b80000,0x000000079deb24c0,0x00000007a2680000)
  to   space 152064K, 0% used [0x00000007a2680000,0x00000007a2680000,0x00000007abb00000)
 ParOldGen       total 729600K, used 729339K [0x00000006c0000000, 0x00000006ec880000, 0x000000076ab00000)
  object space 729600K, 99% used [0x00000006c0000000,0x00000006ec83ee68,0x00000006ec880000)
 Metaspace       used 6700K, capacity 7320K, committed 7680K, reserved 1056768K
  class space    used 615K, capacity 656K, committed 768K, reserved 1048576K
Event: 32.382 GC heap after
Heap after GC invocations=21 (full 6):
 PSYoungGen      total 912896K, used 75806K [0x000000076ab00000, 0x00000007ad600000, 0x00000007c0000000)
  eden space 737792K, 0% used [0x000000076ab00000,0x000000076ab00000,0x0000000797b80000)
  from space 175104K, 43% used [0x0000000797b80000,0x000000079c587a48,0x00000007a2680000)
  to   space 152064K, 0% used [0x00000007a2680000,0x00000007a2680000,0x00000007abb00000)
 ParOldGen       total 729600K, used 729491K [0x00000006c0000000, 0x00000006ec880000, 0x000000076ab00000)
  object space 729600K, 99% used [0x00000006c0000000,0x00000006ec864ef8,0x00000006ec880000)
 Metaspace       used 6700K, capacity 7320K, committed 7680K, reserved 1056768K
  class space    used 615K, capacity 656K, committed 768K, reserved 1048576K
}
Event: 38.479 GC heap before
{Heap before GC invocations=22 (full 7):
 PSYoungGen      total 912896K, used 813598K [0x000000076ab00000, 0x00000007ad600000, 0x00000007c0000000)
  eden space 737792K, 100% used [0x000000076ab00000,0x0000000797b80000,0x0000000797b80000)
  from space 175104K, 43% used [0x0000000797b80000,0x000000079c587a48,0x00000007a2680000)
  to   space 152064K, 0% used [0x00000007a2680000,0x00000007a2680000,0x00000007abb00000)
 ParOldGen       total 729600K, used 729491K [0x00000006c0000000, 0x00000006ec880000, 0x000000076ab00000)
  object space 729600K, 99% used [0x00000006c0000000,0x00000006ec864ef8,0x00000006ec880000)
 Metaspace       used 6808K, capacity 7384K, committed 7680K, reserved 1056768K
  class space    used 621K, capacity 656K, committed 768K, reserved 1048576K
Event: 41.710 GC heap after
Heap after GC invocations=22 (full 7):
 PSYoungGen      total 912896K, used 96880K [0x000000076ab00000, 0x00000007ad600000, 0x00000007c0000000)
  eden space 737792K, 13% used [0x000000076ab00000,0x000000077099c3e0,0x0000000797b80000)
  from space 175104K, 0% used [0x0000000797b80000,0x0000000797b80000,0x00000007a2680000)
  to   space 152064K, 0% used [0x00000007a2680000,0x00000007a2680000,0x00000007abb00000)
 ParOldGen       total 729600K, used 729584K [0x00000006c0000000, 0x00000006ec880000, 0x000000076ab00000)
  object space 729600K, 99% used [0x00000006c0000000,0x00000006ec87c360,0x00000006ec880000)
 Metaspace       used 6808K, capacity 7384K, committed 7680K, reserved 1056768K
  class space    used 621K, capacity 656K, committed 768K, reserved 1048576K
}

