# JRE version: OpenJDK Runtime Environment (8.0_152-b01) (build 1.8.0_152-release-915-b01)
# Java VM: OpenJDK 64-Bit Server VM (25.152-b01 mixed mode windows-amd64 compressed oops)
Heap:
 PSYoungGen      total 890368K, used 237201K [0x000000076ab00000, 0x00000007b0700000, 0x00000007c0000000)
  eden space 708608K, 20% used [0x000000076ab00000,0x000000077389cc08,0x0000000795f00000)
  from space 181760K, 50% used [0x00000007a2980000,0x00000007a8387a60,0x00000007adb00000)
  to   space 207360K, 0% used [0x0000000795f00000,0x0000000795f00000,0x00000007a2980000)
 ParOldGen       total 797184K, used 512050K [0x00000006c0000000, 0x00000006f0a80000, 0x000000076ab00000)
  object space 797184K, 64% used [0x00000006c0000000,0x00000006df40c890,0x00000006f0a80000)
 Metaspace       used 6695K, capacity 7320K, committed 7680K, reserved 1056768K
  class space    used 615K, capacity 656K, committed 768K, reserved 1048576K
GC Heap History (10 events):
Event: 9.024 GC heap before
{Heap before GC invocations=14 (full 3):
 PSYoungGen      total 689664K, used 68605K [0x000000076ab00000, 0x00000007a2700000, 0x00000007c0000000)
  eden space 563712K, 0% used [0x000000076ab00000,0x000000076ab00000,0x000000078d180000)
  from space 125952K, 54% used [0x000000078d180000,0x000000079147f488,0x0000000794c80000)
  to   space 127488K, 0% used [0x000000079aa80000,0x000000079aa80000,0x00000007a2700000)
 ParOldGen       total 309760K, used 258086K [0x00000006c0000000, 0x00000006d2e80000, 0x000000076ab00000)
  object space 309760K, 83% used [0x00000006c0000000,0x00000006cfc09a00,0x00000006d2e80000)
 Metaspace       used 6675K, capacity 7320K, committed 7680K, reserved 1056768K
  class space    used 614K, capacity 656K, committed 768K, reserved 1048576K
Event: 9.964 GC heap after
Heap after GC invocations=14 (full 3):
 PSYoungGen      total 689664K, used 9473K [0x000000076ab00000, 0x00000007a2700000, 0x00000007c0000000)
  eden space 563712K, 0% used [0x000000076ab00000,0x000000076ab00000,0x000000078d180000)
  from space 125952K, 7% used [0x000000078d180000,0x000000078dac0620,0x0000000794c80000)
  to   space 127488K, 0% used [0x000000079aa80000,0x000000079aa80000,0x00000007a2700000)
 ParOldGen       total 512512K, used 309295K [0x00000006c0000000, 0x00000006df480000, 0x000000076ab00000)
  object space 512512K, 60% used [0x00000006c0000000,0x00000006d2e0bfc8,0x00000006df480000)
 Metaspace       used 6675K, capacity 7320K, committed 7680K, reserved 1056768K
  class space    used 614K, capacity 656K, committed 768K, reserved 1048576K
}
Event: 11.212 GC heap before
{Heap before GC invocations=15 (full 3):
 PSYoungGen      total 689664K, used 573185K [0x000000076ab00000, 0x00000007a2700000, 0x00000007c0000000)
  eden space 563712K, 100% used [0x000000076ab00000,0x000000078d180000,0x000000078d180000)
  from space 125952K, 7% used [0x000000078d180000,0x000000078dac0620,0x0000000794c80000)
  to   space 127488K, 0% used [0x000000079aa80000,0x000000079aa80000,0x00000007a2700000)
 ParOldGen       total 512512K, used 309295K [0x00000006c0000000, 0x00000006df480000, 0x000000076ab00000)
  object space 512512K, 60% used [0x00000006c0000000,0x00000006d2e0bfc8,0x00000006df480000)
 Metaspace       used 6679K, capacity 7320K, committed 7680K, reserved 1056768K
  class space    used 614K, capacity 656K, committed 768K, reserved 1048576K
Event: 11.405 GC heap after
Heap after GC invocations=15 (full 3):
 PSYoungGen      total 769536K, used 94710K [0x000000076ab00000, 0x00000007a2a00000, 0x00000007c0000000)
  eden space 642048K, 0% used [0x000000076ab00000,0x000000076ab00000,0x0000000791e00000)
  from space 127488K, 74% used [0x000000079aa80000,0x00000007a06fdab0,0x00000007a2700000)
  to   space 137216K, 0% used [0x0000000791e00000,0x0000000791e00000,0x000000079a400000)
 ParOldGen       total 512512K, used 309295K [0x00000006c0000000, 0x00000006df480000, 0x000000076ab00000)
  object space 512512K, 60% used [0x00000006c0000000,0x00000006d2e0bfc8,0x00000006df480000)
 Metaspace       used 6679K, capacity 7320K, committed 7680K, reserved 1056768K
  class space    used 614K, capacity 656K, committed 768K, reserved 1048576K
}
Event: 12.797 GC heap before
{Heap before GC invocations=16 (full 3):
 PSYoungGen      total 769536K, used 736758K [0x000000076ab00000, 0x00000007a2a00000, 0x00000007c0000000)
  eden space 642048K, 100% used [0x000000076ab00000,0x0000000791e00000,0x0000000791e00000)
  from space 127488K, 74% used [0x000000079aa80000,0x00000007a06fdab0,0x00000007a2700000)
  to   space 137216K, 0% used [0x0000000791e00000,0x0000000791e00000,0x000000079a400000)
 ParOldGen       total 512512K, used 309295K [0x00000006c0000000, 0x00000006df480000, 0x000000076ab00000)
  object space 512512K, 60% used [0x00000006c0000000,0x00000006d2e0bfc8,0x00000006df480000)
 Metaspace       used 6682K, capacity 7320K, committed 7680K, reserved 1056768K
  class space    used 614K, capacity 656K, committed 768K, reserved 1048576K
Event: 12.973 GC heap after
Heap after GC invocations=16 (full 3):
 PSYoungGen      total 779264K, used 137215K [0x000000076ab00000, 0x00000007adb00000, 0x00000007c0000000)
  eden space 642048K, 0% used [0x000000076ab00000,0x000000076ab00000,0x0000000791e00000)
  from space 137216K, 99% used [0x0000000791e00000,0x000000079a3ffdd0,0x000000079a400000)
  to   space 181760K, 0% used [0x00000007a2980000,0x00000007a2980000,0x00000007adb00000)
 ParOldGen       total 512512K, used 366135K [0x00000006c0000000, 0x00000006df480000, 0x000000076ab00000)
  object space 512512K, 71% used [0x00000006c0000000,0x00000006d658dda8,0x00000006df480000)
 Metaspace       used 6682K, capacity 7320K, committed 7680K, reserved 1056768K
  class space    used 614K, capacity 656K, committed 768K, reserved 1048576K
}
Event: 16.061 GC heap before
{Heap before GC invocations=17 (full 3):
 PSYoungGen      total 779264K, used 779263K [0x000000076ab00000, 0x00000007adb00000, 0x00000007c0000000)
  eden space 642048K, 100% used [0x000000076ab00000,0x0000000791e00000,0x0000000791e00000)
  from space 137216K, 99% used [0x0000000791e00000,0x000000079a3ffdd0,0x000000079a400000)
  to   space 181760K, 0% used [0x00000007a2980000,0x00000007a2980000,0x00000007adb00000)
 ParOldGen       total 512512K, used 366135K [0x00000006c0000000, 0x00000006df480000, 0x000000076ab00000)
  object space 512512K, 71% used [0x00000006c0000000,0x00000006d658dda8,0x00000006df480000)
 Metaspace       used 6694K, capacity 7320K, committed 7680K, reserved 1056768K
  class space    used 615K, capacity 656K, committed 768K, reserved 1048576K
Event: 16.277 GC heap after
Heap after GC invocations=17 (full 3):
 PSYoungGen      total 890368K, used 164881K [0x000000076ab00000, 0x00000007b0700000, 0x00000007c0000000)
  eden space 708608K, 0% used [0x000000076ab00000,0x000000076ab00000,0x0000000795f00000)
  from space 181760K, 90% used [0x00000007a2980000,0x00000007aca84788,0x00000007adb00000)
  to   space 207360K, 0% used [0x0000000795f00000,0x0000000795f00000,0x00000007a2980000)
 ParOldGen       total 512512K, used 442456K [0x00000006c0000000, 0x00000006df480000, 0x000000076ab00000)
  object space 512512K, 86% used [0x00000006c0000000,0x00000006db016128,0x00000006df480000)
 Metaspace       used 6694K, capacity 7320K, committed 7680K, reserved 1056768K
  class space    used 615K, capacity 656K, committed 768K, reserved 1048576K
}
Event: 16.277 GC heap before
{Heap before GC invocations=18 (full 4):
 PSYoungGen      total 890368K, used 164881K [0x000000076ab00000, 0x00000007b0700000, 0x00000007c0000000)
  eden space 708608K, 0% used [0x000000076ab00000,0x000000076ab00000,0x0000000795f00000)
  from space 181760K, 90% used [0x00000007a2980000,0x00000007aca84788,0x00000007adb00000)
  to   space 207360K, 0% used [0x0000000795f00000,0x0000000795f00000,0x00000007a2980000)
 ParOldGen       total 512512K, used 442456K [0x00000006c0000000, 0x00000006df480000, 0x000000076ab00000)
  object space 512512K, 86% used [0x00000006c0000000,0x00000006db016128,0x00000006df480000)
 Metaspace       used 6694K, capacity 7320K, committed 7680K, reserved 1056768K
  class space    used 615K, capacity 656K, committed 768K, reserved 1048576K
Event: 18.174 GC heap after
Heap after GC invocations=18 (full 4):
 PSYoungGen      total 890368K, used 92190K [0x000000076ab00000, 0x00000007b0700000, 0x00000007c0000000)
  eden space 708608K, 0% used [0x000000076ab00000,0x000000076ab00000,0x0000000795f00000)
  from space 181760K, 50% used [0x00000007a2980000,0x00000007a8387a60,0x00000007adb00000)
  to   space 207360K, 0% used [0x0000000795f00000,0x0000000795f00000,0x00000007a2980000)
 ParOldGen       total 797184K, used 512050K [0x00000006c0000000, 0x00000006f0a80000, 0x000000076ab00000)
  object space 797184K, 64% used [0x00000006c0000000,0x00000006df40c890,0x00000006f0a80000)
 Metaspace       used 6694K, capacity 7320K, committed 7680K, reserved 1056768K
  class space    used 615K, capacity 656K, committed 768K, reserved 1048576K
}

