# JRE version: OpenJDK Runtime Environment (8.0_152-b01) (build 1.8.0_152-release-915-b01)
# Java VM: OpenJDK 64-Bit Server VM (25.152-b01 mixed mode windows-amd64 compressed oops)
Heap:
 PSYoungGen      total 951296K, used 870582K [0x000000076ab00000, 0x00000007b5880000, 0x00000007c0000000)
  eden space 751616K, 100% used [0x000000076ab00000,0x0000000798900000,0x0000000798900000)
  from space 199680K, 59% used [0x00000007a5f00000,0x00000007ad32d9b0,0x00000007b2200000)
  to   space 219136K, 6% used [0x0000000798900000,0x00000007996a8000,0x00000007a5f00000)
 ParOldGen       total 780800K, used 499118K [0x00000006c0000000, 0x00000006efa80000, 0x000000076ab00000)
  object space 780800K, 63% used [0x00000006c0000000,0x00000006de76b900,0x00000006efa80000)
 Metaspace       used 6692K, capacity 7320K, committed 7680K, reserved 1056768K
  class space    used 615K, capacity 656K, committed 768K, reserved 1048576K
GC Heap History (10 events):
Event: 9.481 GC heap before
{Heap before GC invocations=14 (full 3):
 PSYoungGen      total 704512K, used 81944K [0x000000076ab00000, 0x00000007a4c00000, 0x00000007c0000000)
  eden space 579072K, 0% used [0x000000076ab00000,0x000000076ab00000,0x000000078e080000)
  from space 125440K, 65% used [0x000000078e080000,0x00000007930860d8,0x0000000795b00000)
  to   space 132096K, 0% used [0x000000079cb00000,0x000000079cb00000,0x00000007a4c00000)
 ParOldGen       total 303616K, used 253098K [0x00000006c0000000, 0x00000006d2880000, 0x000000076ab00000)
  object space 303616K, 83% used [0x00000006c0000000,0x00000006cf72aad0,0x00000006d2880000)
 Metaspace       used 6676K, capacity 7320K, committed 7680K, reserved 1056768K
  class space    used 613K, capacity 656K, committed 768K, reserved 1048576K
Event: 10.541 GC heap after
Heap after GC invocations=14 (full 3):
 PSYoungGen      total 704512K, used 27350K [0x000000076ab00000, 0x00000007a4c00000, 0x00000007c0000000)
  eden space 579072K, 0% used [0x000000076ab00000,0x000000076ab00000,0x000000078e080000)
  from space 125440K, 21% used [0x000000078e080000,0x000000078fb35878,0x0000000795b00000)
  to   space 132096K, 0% used [0x000000079cb00000,0x000000079cb00000,0x00000007a4c00000)
 ParOldGen       total 499200K, used 303142K [0x00000006c0000000, 0x00000006de780000, 0x000000076ab00000)
  object space 499200K, 60% used [0x00000006c0000000,0x00000006d2809a50,0x00000006de780000)
 Metaspace       used 6676K, capacity 7320K, committed 7680K, reserved 1056768K
  class space    used 613K, capacity 656K, committed 768K, reserved 1048576K
}
Event: 11.644 GC heap before
{Heap before GC invocations=15 (full 3):
 PSYoungGen      total 704512K, used 606422K [0x000000076ab00000, 0x00000007a4c00000, 0x00000007c0000000)
  eden space 579072K, 100% used [0x000000076ab00000,0x000000078e080000,0x000000078e080000)
  from space 125440K, 21% used [0x000000078e080000,0x000000078fb35878,0x0000000795b00000)
  to   space 132096K, 0% used [0x000000079cb00000,0x000000079cb00000,0x00000007a4c00000)
 ParOldGen       total 499200K, used 303142K [0x00000006c0000000, 0x00000006de780000, 0x000000076ab00000)
  object space 499200K, 60% used [0x00000006c0000000,0x00000006d2809a50,0x00000006de780000)
 Metaspace       used 6678K, capacity 7320K, committed 7680K, reserved 1056768K
  class space    used 614K, capacity 656K, committed 768K, reserved 1048576K
Event: 11.840 GC heap after
Heap after GC invocations=15 (full 3):
 PSYoungGen      total 797184K, used 113639K [0x000000076ab00000, 0x00000007a5580000, 0x00000007c0000000)
  eden space 665088K, 0% used [0x000000076ab00000,0x000000076ab00000,0x0000000793480000)
  from space 132096K, 86% used [0x000000079cb00000,0x00000007a39f9f30,0x00000007a4c00000)
  to   space 147968K, 0% used [0x0000000793480000,0x0000000793480000,0x000000079c500000)
 ParOldGen       total 499200K, used 303142K [0x00000006c0000000, 0x00000006de780000, 0x000000076ab00000)
  object space 499200K, 60% used [0x00000006c0000000,0x00000006d2809a50,0x00000006de780000)
 Metaspace       used 6678K, capacity 7320K, committed 7680K, reserved 1056768K
  class space    used 614K, capacity 656K, committed 768K, reserved 1048576K
}
Event: 13.162 GC heap before
{Heap before GC invocations=16 (full 3):
 PSYoungGen      total 797184K, used 778727K [0x000000076ab00000, 0x00000007a5580000, 0x00000007c0000000)
  eden space 665088K, 100% used [0x000000076ab00000,0x0000000793480000,0x0000000793480000)
  from space 132096K, 86% used [0x000000079cb00000,0x00000007a39f9f30,0x00000007a4c00000)
  to   space 147968K, 0% used [0x0000000793480000,0x0000000793480000,0x000000079c500000)
 ParOldGen       total 499200K, used 303142K [0x00000006c0000000, 0x00000006de780000, 0x000000076ab00000)
  object space 499200K, 60% used [0x00000006c0000000,0x00000006d2809a50,0x00000006de780000)
 Metaspace       used 6681K, capacity 7320K, committed 7680K, reserved 1056768K
  class space    used 614K, capacity 656K, committed 768K, reserved 1048576K
Event: 13.358 GC heap after
Heap after GC invocations=16 (full 3):
 PSYoungGen      total 813056K, used 147936K [0x000000076ab00000, 0x00000007b2200000, 0x00000007c0000000)
  eden space 665088K, 0% used [0x000000076ab00000,0x000000076ab00000,0x0000000793480000)
  from space 147968K, 99% used [0x0000000793480000,0x000000079c4f81f0,0x000000079c500000)
  to   space 199680K, 0% used [0x00000007a5f00000,0x00000007a5f00000,0x00000007b2200000)
 ParOldGen       total 499200K, used 373247K [0x00000006c0000000, 0x00000006de780000, 0x000000076ab00000)
  object space 499200K, 74% used [0x00000006c0000000,0x00000006d6c7fe60,0x00000006de780000)
 Metaspace       used 6681K, capacity 7320K, committed 7680K, reserved 1056768K
  class space    used 614K, capacity 656K, committed 768K, reserved 1048576K
}
Event: 14.493 GC heap before
{Heap before GC invocations=17 (full 3):
 PSYoungGen      total 813056K, used 813024K [0x000000076ab00000, 0x00000007b2200000, 0x00000007c0000000)
  eden space 665088K, 100% used [0x000000076ab00000,0x0000000793480000,0x0000000793480000)
  from space 147968K, 99% used [0x0000000793480000,0x000000079c4f81f0,0x000000079c500000)
  to   space 199680K, 0% used [0x00000007a5f00000,0x00000007a5f00000,0x00000007b2200000)
 ParOldGen       total 499200K, used 373247K [0x00000006c0000000, 0x00000006de780000, 0x000000076ab00000)
  object space 499200K, 74% used [0x00000006c0000000,0x00000006d6c7fe60,0x00000006de780000)
 Metaspace       used 6691K, capacity 7320K, committed 7680K, reserved 1056768K
  class space    used 615K, capacity 656K, committed 768K, reserved 1048576K
Event: 14.771 GC heap after
Heap after GC invocations=17 (full 3):
 PSYoungGen      total 951296K, used 157919K [0x000000076ab00000, 0x00000007b5880000, 0x00000007c0000000)
  eden space 751616K, 0% used [0x000000076ab00000,0x000000076ab00000,0x0000000798900000)
  from space 199680K, 79% used [0x00000007a5f00000,0x00000007af937d18,0x00000007b2200000)
  to   space 219136K, 0% used [0x0000000798900000,0x0000000798900000,0x00000007a5f00000)
 ParOldGen       total 499200K, used 467397K [0x00000006c0000000, 0x00000006de780000, 0x000000076ab00000)
  object space 499200K, 93% used [0x00000006c0000000,0x00000006dc8714f8,0x00000006de780000)
 Metaspace       used 6691K, capacity 7320K, committed 7680K, reserved 1056768K
  class space    used 615K, capacity 656K, committed 768K, reserved 1048576K
}
Event: 14.771 GC heap before
{Heap before GC invocations=18 (full 4):
 PSYoungGen      total 951296K, used 157919K [0x000000076ab00000, 0x00000007b5880000, 0x00000007c0000000)
  eden space 751616K, 0% used [0x000000076ab00000,0x000000076ab00000,0x0000000798900000)
  from space 199680K, 79% used [0x00000007a5f00000,0x00000007af937d18,0x00000007b2200000)
  to   space 219136K, 0% used [0x0000000798900000,0x0000000798900000,0x00000007a5f00000)
 ParOldGen       total 499200K, used 467397K [0x00000006c0000000, 0x00000006de780000, 0x000000076ab00000)
  object space 499200K, 93% used [0x00000006c0000000,0x00000006dc8714f8,0x00000006de780000)
 Metaspace       used 6691K, capacity 7320K, committed 7680K, reserved 1056768K
  class space    used 615K, capacity 656K, committed 768K, reserved 1048576K
Event: 17.288 GC heap after
Heap after GC invocations=18 (full 4):
 PSYoungGen      total 951296K, used 118966K [0x000000076ab00000, 0x00000007b5880000, 0x00000007c0000000)
  eden space 751616K, 0% used [0x000000076ab00000,0x000000076ab00000,0x0000000798900000)
  from space 199680K, 59% used [0x00000007a5f00000,0x00000007ad32d9b0,0x00000007b2200000)
  to   space 219136K, 0% used [0x0000000798900000,0x0000000798900000,0x00000007a5f00000)
 ParOldGen       total 780800K, used 499118K [0x00000006c0000000, 0x00000006efa80000, 0x000000076ab00000)
  object space 780800K, 63% used [0x00000006c0000000,0x00000006de76b900,0x00000006efa80000)
 Metaspace       used 6691K, capacity 7320K, committed 7680K, reserved 1056768K
  class space    used 615K, capacity 656K, committed 768K, reserved 1048576K
}

