# JRE version: OpenJDK Runtime Environment (8.0_152-b01) (build 1.8.0_152-release-915-b01)
# Java VM: OpenJDK 64-Bit Server VM (25.152-b01 mixed mode windows-amd64 compressed oops)
Heap:
 PSYoungGen      total 784896K, used 710627K [0x000000076ab00000, 0x00000007c0000000, 0x00000007c0000000)
  eden space 634368K, 100% used [0x000000076ab00000,0x0000000791680000,0x0000000791680000)
  from space 150528K, 50% used [0x00000007a3d80000,0x00000007a87f8e68,0x00000007ad080000)
  to   space 302080K, 0% used [0x0000000791680000,0x0000000791680000,0x00000007a3d80000)
 ParOldGen       total 752128K, used 751833K [0x00000006c0000000, 0x00000006ede80000, 0x000000076ab00000)
  object space 752128K, 99% used [0x00000006c0000000,0x00000006ede36618,0x00000006ede80000)
 Metaspace       used 6770K, capacity 7320K, committed 7680K, reserved 1056768K
  class space    used 619K, capacity 656K, committed 768K, reserved 1048576K
GC Heap History (10 events):
Event: 13.637 GC heap before
{Heap before GC invocations=17 (full 4):
 PSYoungGen      total 803840K, used 105712K [0x000000076ab00000, 0x00000007ad080000, 0x00000007c0000000)
  eden space 665088K, 0% used [0x000000076ab00000,0x000000076ab00000,0x0000000793480000)
  from space 138752K, 76% used [0x0000000793480000,0x0000000799bbc370,0x000000079bc00000)
  to   space 150528K, 0% used [0x00000007a3d80000,0x00000007a3d80000,0x00000007ad080000)
 ParOldGen       total 478720K, used 412847K [0x00000006c0000000, 0x00000006dd380000, 0x000000076ab00000)
  object space 478720K, 86% used [0x00000006c0000000,0x00000006d932be00,0x00000006dd380000)
 Metaspace       used 6683K, capacity 7320K, committed 7680K, reserved 1056768K
  class space    used 614K, capacity 656K, committed 768K, reserved 1048576K
Event: 15.225 GC heap after
Heap after GC invocations=17 (full 4):
 PSYoungGen      total 803840K, used 34259K [0x000000076ab00000, 0x00000007ad080000, 0x00000007c0000000)
  eden space 665088K, 0% used [0x000000076ab00000,0x000000076ab00000,0x0000000793480000)
  from space 138752K, 24% used [0x0000000793480000,0x00000007955f4e90,0x000000079bc00000)
  to   space 150528K, 0% used [0x00000007a3d80000,0x00000007a3d80000,0x00000007ad080000)
 ParOldGen       total 752128K, used 478514K [0x00000006c0000000, 0x00000006ede80000, 0x000000076ab00000)
  object space 752128K, 63% used [0x00000006c0000000,0x00000006dd34cb58,0x00000006ede80000)
 Metaspace       used 6683K, capacity 7320K, committed 7680K, reserved 1056768K
  class space    used 614K, capacity 656K, committed 768K, reserved 1048576K
}
Event: 16.455 GC heap before
{Heap before GC invocations=18 (full 4):
 PSYoungGen      total 803840K, used 699347K [0x000000076ab00000, 0x00000007ad080000, 0x00000007c0000000)
  eden space 665088K, 100% used [0x000000076ab00000,0x0000000793480000,0x0000000793480000)
  from space 138752K, 24% used [0x0000000793480000,0x00000007955f4e90,0x000000079bc00000)
  to   space 150528K, 0% used [0x00000007a3d80000,0x00000007a3d80000,0x00000007ad080000)
 ParOldGen       total 752128K, used 478514K [0x00000006c0000000, 0x00000006ede80000, 0x000000076ab00000)
  object space 752128K, 63% used [0x00000006c0000000,0x00000006dd34cb58,0x00000006ede80000)
 Metaspace       used 6700K, capacity 7320K, committed 7680K, reserved 1056768K
  class space    used 615K, capacity 656K, committed 768K, reserved 1048576K
Event: 16.839 GC heap after
Heap after GC invocations=18 (full 4):
 PSYoungGen      total 916480K, used 134413K [0x000000076ab00000, 0x00000007af000000, 0x00000007c0000000)
  eden space 765952K, 0% used [0x000000076ab00000,0x000000076ab00000,0x0000000799700000)
  from space 150528K, 89% used [0x00000007a3d80000,0x00000007ac0c3448,0x00000007ad080000)
  to   space 170496K, 0% used [0x0000000799700000,0x0000000799700000,0x00000007a3d80000)
 ParOldGen       total 752128K, used 478514K [0x00000006c0000000, 0x00000006ede80000, 0x000000076ab00000)
  object space 752128K, 63% used [0x00000006c0000000,0x00000006dd34cb58,0x00000006ede80000)
 Metaspace       used 6700K, capacity 7320K, committed 7680K, reserved 1056768K
  class space    used 615K, capacity 656K, committed 768K, reserved 1048576K
}
Event: 18.298 GC heap before
{Heap before GC invocations=19 (full 4):
 PSYoungGen      total 916480K, used 900365K [0x000000076ab00000, 0x00000007af000000, 0x00000007c0000000)
  eden space 765952K, 100% used [0x000000076ab00000,0x0000000799700000,0x0000000799700000)
  from space 150528K, 89% used [0x00000007a3d80000,0x00000007ac0c3448,0x00000007ad080000)
  to   space 170496K, 0% used [0x0000000799700000,0x0000000799700000,0x00000007a3d80000)
 ParOldGen       total 752128K, used 478514K [0x00000006c0000000, 0x00000006ede80000, 0x000000076ab00000)
  object space 752128K, 63% used [0x00000006c0000000,0x00000006dd34cb58,0x00000006ede80000)
 Metaspace       used 6701K, capacity 7320K, committed 7680K, reserved 1056768K
  class space    used 615K, capacity 656K, committed 768K, reserved 1048576K
Event: 19.410 GC heap after
Heap after GC invocations=19 (full 4):
 PSYoungGen      total 936448K, used 170476K [0x000000076ab00000, 0x00000007af000000, 0x00000007c0000000)
  eden space 765952K, 0% used [0x000000076ab00000,0x000000076ab00000,0x0000000799700000)
  from space 170496K, 99% used [0x0000000799700000,0x00000007a3d7b098,0x00000007a3d80000)
  to   space 150528K, 0% used [0x00000007a3d80000,0x00000007a3d80000,0x00000007ad080000)
 ParOldGen       total 752128K, used 571136K [0x00000006c0000000, 0x00000006ede80000, 0x000000076ab00000)
  object space 752128K, 75% used [0x00000006c0000000,0x00000006e2dc01b8,0x00000006ede80000)
 Metaspace       used 6701K, capacity 7320K, committed 7680K, reserved 1056768K
  class space    used 615K, capacity 656K, committed 768K, reserved 1048576K
}
Event: 20.647 GC heap before
{Heap before GC invocations=20 (full 4):
 PSYoungGen      total 936448K, used 936428K [0x000000076ab00000, 0x00000007af000000, 0x00000007c0000000)
  eden space 765952K, 100% used [0x000000076ab00000,0x0000000799700000,0x0000000799700000)
  from space 170496K, 99% used [0x0000000799700000,0x00000007a3d7b098,0x00000007a3d80000)
  to   space 150528K, 0% used [0x00000007a3d80000,0x00000007a3d80000,0x00000007ad080000)
 ParOldGen       total 752128K, used 571136K [0x00000006c0000000, 0x00000006ede80000, 0x000000076ab00000)
  object space 752128K, 75% used [0x00000006c0000000,0x00000006e2dc01b8,0x00000006ede80000)
 Metaspace       used 6701K, capacity 7320K, committed 7680K, reserved 1056768K
  class space    used 615K, capacity 656K, committed 768K, reserved 1048576K
Event: 20.951 GC heap after
Heap after GC invocations=20 (full 4):
 PSYoungGen      total 784896K, used 150498K [0x000000076ab00000, 0x00000007c0000000, 0x00000007c0000000)
  eden space 634368K, 0% used [0x000000076ab00000,0x000000076ab00000,0x0000000791680000)
  from space 150528K, 99% used [0x00000007a3d80000,0x00000007ad078898,0x00000007ad080000)
  to   space 302080K, 0% used [0x0000000791680000,0x0000000791680000,0x00000007a3d80000)
 ParOldGen       total 752128K, used 729561K [0x00000006c0000000, 0x00000006ede80000, 0x000000076ab00000)
  object space 752128K, 96% used [0x00000006c0000000,0x00000006ec876690,0x00000006ede80000)
 Metaspace       used 6701K, capacity 7320K, committed 7680K, reserved 1056768K
  class space    used 615K, capacity 656K, committed 768K, reserved 1048576K
}
Event: 20.951 GC heap before
{Heap before GC invocations=21 (full 5):
 PSYoungGen      total 784896K, used 150498K [0x000000076ab00000, 0x00000007c0000000, 0x00000007c0000000)
  eden space 634368K, 0% used [0x000000076ab00000,0x000000076ab00000,0x0000000791680000)
  from space 150528K, 99% used [0x00000007a3d80000,0x00000007ad078898,0x00000007ad080000)
  to   space 302080K, 0% used [0x0000000791680000,0x0000000791680000,0x00000007a3d80000)
 ParOldGen       total 752128K, used 729561K [0x00000006c0000000, 0x00000006ede80000, 0x000000076ab00000)
  object space 752128K, 96% used [0x00000006c0000000,0x00000006ec876690,0x00000006ede80000)
 Metaspace       used 6701K, capacity 7320K, committed 7680K, reserved 1056768K
  class space    used 615K, capacity 656K, committed 768K, reserved 1048576K
Event: 23.512 GC heap after
Heap after GC invocations=21 (full 5):
 PSYoungGen      total 784896K, used 76259K [0x000000076ab00000, 0x00000007c0000000, 0x00000007c0000000)
  eden space 634368K, 0% used [0x000000076ab00000,0x000000076ab00000,0x0000000791680000)
  from space 150528K, 50% used [0x00000007a3d80000,0x00000007a87f8e68,0x00000007ad080000)
  to   space 302080K, 0% used [0x0000000791680000,0x0000000791680000,0x00000007a3d80000)
 ParOldGen       total 752128K, used 751833K [0x00000006c0000000, 0x00000006ede80000, 0x000000076ab00000)
  object space 752128K, 99% used [0x00000006c0000000,0x00000006ede36618,0x00000006ede80000)
 Metaspace       used 6701K, capacity 7320K, committed 7680K, reserved 1056768K
  class space    used 615K, capacity 656K, committed 768K, reserved 1048576K
}

