# JRE version: OpenJDK Runtime Environment (8.0_152-b01) (build 1.8.0_152-release-915-b01)
# Java VM: OpenJDK 64-Bit Server VM (25.152-b01 mixed mode windows-amd64 compressed oops)
Heap:
 PSYoungGen      total 691200K, used 600553K [0x000000076ab00000, 0x00000007a2b00000, 0x00000007c0000000)
  eden space 579072K, 100% used [0x000000076ab00000,0x000000078e080000,0x000000078e080000)
  from space 112128K, 19% used [0x000000078e080000,0x000000078f57a798,0x0000000794e00000)
  to   space 116736K, 0% used [0x000000079b900000,0x000000079b900000,0x00000007a2b00000)
 ParOldGen       total 476672K, used 476292K [0x00000006c0000000, 0x00000006dd180000, 0x000000076ab00000)
  object space 476672K, 99% used [0x00000006c0000000,0x00000006dd1210e0,0x00000006dd180000)
 Metaspace       used 6704K, capacity 7320K, committed 7680K, reserved 1056768K
  class space    used 615K, capacity 656K, committed 768K, reserved 1048576K
GC Heap History (10 events):
Event: 9.120 GC heap after
Heap after GC invocations=13 (full 2):
 PSYoungGen      total 691200K, used 70997K [0x000000076ab00000, 0x00000007a2b00000, 0x00000007c0000000)
  eden space 579072K, 0% used [0x000000076ab00000,0x000000076ab00000,0x000000078e080000)
  from space 112128K, 63% used [0x000000078e080000,0x00000007925d57a0,0x0000000794e00000)
  to   space 116736K, 0% used [0x000000079b900000,0x000000079b900000,0x00000007a2b00000)
 ParOldGen       total 288256K, used 261679K [0x00000006c0000000, 0x00000006d1980000, 0x000000076ab00000)
  object space 288256K, 90% used [0x00000006c0000000,0x00000006cff8bf78,0x00000006d1980000)
 Metaspace       used 6688K, capacity 7320K, committed 7680K, reserved 1056768K
  class space    used 613K, capacity 656K, committed 768K, reserved 1048576K
}
Event: 9.120 GC heap before
{Heap before GC invocations=14 (full 3):
 PSYoungGen      total 691200K, used 70997K [0x000000076ab00000, 0x00000007a2b00000, 0x00000007c0000000)
  eden space 579072K, 0% used [0x000000076ab00000,0x000000076ab00000,0x000000078e080000)
  from space 112128K, 63% used [0x000000078e080000,0x00000007925d57a0,0x0000000794e00000)
  to   space 116736K, 0% used [0x000000079b900000,0x000000079b900000,0x00000007a2b00000)
 ParOldGen       total 288256K, used 261679K [0x00000006c0000000, 0x00000006d1980000, 0x000000076ab00000)
  object space 288256K, 90% used [0x00000006c0000000,0x00000006cff8bf78,0x00000006d1980000)
 Metaspace       used 6688K, capacity 7320K, committed 7680K, reserved 1056768K
  class space    used 613K, capacity 656K, committed 768K, reserved 1048576K
Event: 10.161 GC heap after
Heap after GC invocations=14 (full 3):
 PSYoungGen      total 691200K, used 34775K [0x000000076ab00000, 0x00000007a2b00000, 0x00000007c0000000)
  eden space 579072K, 0% used [0x000000076ab00000,0x000000076ab00000,0x000000078e080000)
  from space 112128K, 31% used [0x000000078e080000,0x0000000790275ec8,0x0000000794e00000)
  to   space 116736K, 0% used [0x000000079b900000,0x000000079b900000,0x00000007a2b00000)
 ParOldGen       total 476672K, used 288168K [0x00000006c0000000, 0x00000006dd180000, 0x000000076ab00000)
  object space 476672K, 60% used [0x00000006c0000000,0x00000006d196a368,0x00000006dd180000)
 Metaspace       used 6688K, capacity 7320K, committed 7680K, reserved 1056768K
  class space    used 613K, capacity 656K, committed 768K, reserved 1048576K
}
Event: 11.489 GC heap before
{Heap before GC invocations=15 (full 3):
 PSYoungGen      total 691200K, used 613847K [0x000000076ab00000, 0x00000007a2b00000, 0x00000007c0000000)
  eden space 579072K, 100% used [0x000000076ab00000,0x000000078e080000,0x000000078e080000)
  from space 112128K, 31% used [0x000000078e080000,0x0000000790275ec8,0x0000000794e00000)
  to   space 116736K, 0% used [0x000000079b900000,0x000000079b900000,0x00000007a2b00000)
 ParOldGen       total 476672K, used 288168K [0x00000006c0000000, 0x00000006dd180000, 0x000000076ab00000)
  object space 476672K, 60% used [0x00000006c0000000,0x00000006d196a368,0x00000006dd180000)
 Metaspace       used 6691K, capacity 7320K, committed 7680K, reserved 1056768K
  class space    used 614K, capacity 656K, committed 768K, reserved 1048576K
Event: 11.677 GC heap after
Heap after GC invocations=15 (full 3):
 PSYoungGen      total 695808K, used 116716K [0x000000076ab00000, 0x00000007a2b00000, 0x00000007c0000000)
  eden space 579072K, 0% used [0x000000076ab00000,0x000000076ab00000,0x000000078e080000)
  from space 116736K, 99% used [0x000000079b900000,0x00000007a2afb268,0x00000007a2b00000)
  to   space 112128K, 0% used [0x000000078e080000,0x000000078e080000,0x0000000794e00000)
 ParOldGen       total 476672K, used 292795K [0x00000006c0000000, 0x00000006dd180000, 0x000000076ab00000)
  object space 476672K, 61% used [0x00000006c0000000,0x00000006d1deec58,0x00000006dd180000)
 Metaspace       used 6691K, capacity 7320K, committed 7680K, reserved 1056768K
  class space    used 614K, capacity 656K, committed 768K, reserved 1048576K
}
Event: 12.741 GC heap before
{Heap before GC invocations=16 (full 3):
 PSYoungGen      total 695808K, used 695788K [0x000000076ab00000, 0x00000007a2b00000, 0x00000007c0000000)
  eden space 579072K, 100% used [0x000000076ab00000,0x000000078e080000,0x000000078e080000)
  from space 116736K, 99% used [0x000000079b900000,0x00000007a2afb268,0x00000007a2b00000)
  to   space 112128K, 0% used [0x000000078e080000,0x000000078e080000,0x0000000794e00000)
 ParOldGen       total 476672K, used 292795K [0x00000006c0000000, 0x00000006dd180000, 0x000000076ab00000)
  object space 476672K, 61% used [0x00000006c0000000,0x00000006d1deec58,0x00000006dd180000)
 Metaspace       used 6694K, capacity 7320K, committed 7680K, reserved 1056768K
  class space    used 614K, capacity 656K, committed 768K, reserved 1048576K
Event: 12.949 GC heap after
Heap after GC invocations=16 (full 3):
 PSYoungGen      total 691200K, used 93444K [0x000000076ab00000, 0x00000007a2b00000, 0x00000007c0000000)
  eden space 579072K, 0% used [0x000000076ab00000,0x000000076ab00000,0x000000078e080000)
  from space 112128K, 83% used [0x000000078e080000,0x0000000793bc1300,0x0000000794e00000)
  to   space 116736K, 0% used [0x000000079b900000,0x000000079b900000,0x00000007a2b00000)
 ParOldGen       total 476672K, used 410009K [0x00000006c0000000, 0x00000006dd180000, 0x000000076ab00000)
  object space 476672K, 86% used [0x00000006c0000000,0x00000006d90664b8,0x00000006dd180000)
 Metaspace       used 6694K, capacity 7320K, committed 7680K, reserved 1056768K
  class space    used 614K, capacity 656K, committed 768K, reserved 1048576K
}
Event: 12.949 GC heap before
{Heap before GC invocations=17 (full 4):
 PSYoungGen      total 691200K, used 93444K [0x000000076ab00000, 0x00000007a2b00000, 0x00000007c0000000)
  eden space 579072K, 0% used [0x000000076ab00000,0x000000076ab00000,0x000000078e080000)
  from space 112128K, 83% used [0x000000078e080000,0x0000000793bc1300,0x0000000794e00000)
  to   space 116736K, 0% used [0x000000079b900000,0x000000079b900000,0x00000007a2b00000)
 ParOldGen       total 476672K, used 410009K [0x00000006c0000000, 0x00000006dd180000, 0x000000076ab00000)
  object space 476672K, 86% used [0x00000006c0000000,0x00000006d90664b8,0x00000006dd180000)
 Metaspace       used 6694K, capacity 7320K, committed 7680K, reserved 1056768K
  class space    used 614K, capacity 656K, committed 768K, reserved 1048576K
Event: 14.725 GC heap after
Heap after GC invocations=17 (full 4):
 PSYoungGen      total 691200K, used 21481K [0x000000076ab00000, 0x00000007a2b00000, 0x00000007c0000000)
  eden space 579072K, 0% used [0x000000076ab00000,0x000000076ab00000,0x000000078e080000)
  from space 112128K, 19% used [0x000000078e080000,0x000000078f57a798,0x0000000794e00000)
  to   space 116736K, 0% used [0x000000079b900000,0x000000079b900000,0x00000007a2b00000)
 ParOldGen       total 476672K, used 476292K [0x00000006c0000000, 0x00000006dd180000, 0x000000076ab00000)
  object space 476672K, 99% used [0x00000006c0000000,0x00000006dd1210e0,0x00000006dd180000)
 Metaspace       used 6694K, capacity 7320K, committed 7680K, reserved 1056768K
  class space    used 614K, capacity 656K, committed 768K, reserved 1048576K
}
Event: 16.039 GC heap before
{Heap before GC invocations=18 (full 5):
 PSYoungGen      total 691200K, used 600553K [0x000000076ab00000, 0x00000007a2b00000, 0x00000007c0000000)
  eden space 579072K, 100% used [0x000000076ab00000,0x000000078e080000,0x000000078e080000)
  from space 112128K, 19% used [0x000000078e080000,0x000000078f57a798,0x0000000794e00000)
  to   space 116736K, 0% used [0x000000079b900000,0x000000079b900000,0x00000007a2b00000)
 ParOldGen       total 476672K, used 476292K [0x00000006c0000000, 0x00000006dd180000, 0x000000076ab00000)
  object space 476672K, 99% used [0x00000006c0000000,0x00000006dd1210e0,0x00000006dd180000)
 Metaspace       used 6704K, capacity 7320K, committed 7680K, reserved 1056768K
  class space    used 615K, capacity 656K, committed 768K, reserved 1048576K

