# JRE version: OpenJDK Runtime Environment (8.0_152-b01) (build 1.8.0_152-release-915-b01)
# Java VM: OpenJDK 64-Bit Server VM (25.152-b01 mixed mode windows-amd64 compressed oops)
Heap:
 PSYoungGen      total 992256K, used 671150K [0x000000076ab00000, 0x00000007bd000000, 0x00000007c0000000)
  eden space 796160K, 84% used [0x000000076ab00000,0x0000000793a6b820,0x000000079b480000)
  from space 196096K, 0% used [0x000000079b480000,0x000000079b480000,0x00000007a7400000)
  to   space 212480K, 0% used [0x00000007b0080000,0x00000007b0080000,0x00000007bd000000)
 ParOldGen       total 706560K, used 706335K [0x00000006c0000000, 0x00000006eb200000, 0x000000076ab00000)
  object space 706560K, 99% used [0x00000006c0000000,0x00000006eb1c7dd8,0x00000006eb200000)
 Metaspace       used 7455K, capacity 7832K, committed 7936K, reserved 1056768K
  class space    used 665K, capacity 720K, committed 768K, reserved 1048576K
GC Heap History (10 events):
Event: 17.533 GC heap before
{Heap before GC invocations=18 (full 4):
 PSYoungGen      total 846336K, used 773701K [0x000000076ab00000, 0x00000007b1000000, 0x00000007c0000000)
  eden space 698880K, 100% used [0x000000076ab00000,0x0000000795580000,0x0000000795580000)
  from space 147456K, 50% used [0x0000000795580000,0x0000000799e917d0,0x000000079e580000)
  to   space 159744K, 0% used [0x00000007a7400000,0x00000007a7400000,0x00000007b1000000)
 ParOldGen       total 706560K, used 454484K [0x00000006c0000000, 0x00000006eb200000, 0x000000076ab00000)
  object space 706560K, 64% used [0x00000006c0000000,0x00000006dbbd5290,0x00000006eb200000)
 Metaspace       used 6678K, capacity 7320K, committed 7680K, reserved 1056768K
  class space    used 616K, capacity 656K, committed 768K, reserved 1048576K
Event: 17.893 GC heap after
Heap after GC invocations=18 (full 4):
 PSYoungGen      total 955904K, used 159737K [0x000000076ab00000, 0x00000007b4b00000, 0x00000007c0000000)
  eden space 796160K, 0% used [0x000000076ab00000,0x000000076ab00000,0x000000079b480000)
  from space 159744K, 99% used [0x00000007a7400000,0x00000007b0ffe538,0x00000007b1000000)
  to   space 196096K, 0% used [0x000000079b480000,0x000000079b480000,0x00000007a7400000)
 ParOldGen       total 706560K, used 478521K [0x00000006c0000000, 0x00000006eb200000, 0x000000076ab00000)
  object space 706560K, 67% used [0x00000006c0000000,0x00000006dd34e448,0x00000006eb200000)
 Metaspace       used 6678K, capacity 7320K, committed 7680K, reserved 1056768K
  class space    used 616K, capacity 656K, committed 768K, reserved 1048576K
}
Event: 21.173 GC heap before
{Heap before GC invocations=19 (full 4):
 PSYoungGen      total 955904K, used 955897K [0x000000076ab00000, 0x00000007b4b00000, 0x00000007c0000000)
  eden space 796160K, 100% used [0x000000076ab00000,0x000000079b480000,0x000000079b480000)
  from space 159744K, 99% used [0x00000007a7400000,0x00000007b0ffe538,0x00000007b1000000)
  to   space 196096K, 0% used [0x000000079b480000,0x000000079b480000,0x00000007a7400000)
 ParOldGen       total 706560K, used 478521K [0x00000006c0000000, 0x00000006eb200000, 0x000000076ab00000)
  object space 706560K, 67% used [0x00000006c0000000,0x00000006dd34e448,0x00000006eb200000)
 Metaspace       used 6678K, capacity 7320K, committed 7680K, reserved 1056768K
  class space    used 616K, capacity 656K, committed 768K, reserved 1048576K
Event: 21.390 GC heap after
Heap after GC invocations=19 (full 4):
 PSYoungGen      total 992256K, used 149171K [0x000000076ab00000, 0x00000007bd000000, 0x00000007c0000000)
  eden space 796160K, 0% used [0x000000076ab00000,0x000000076ab00000,0x000000079b480000)
  from space 196096K, 76% used [0x000000079b480000,0x00000007a462cfe8,0x00000007a7400000)
  to   space 212480K, 0% used [0x00000007b0080000,0x00000007b0080000,0x00000007bd000000)
 ParOldGen       total 706560K, used 634611K [0x00000006c0000000, 0x00000006eb200000, 0x000000076ab00000)
  object space 706560K, 89% used [0x00000006c0000000,0x00000006e6bbce48,0x00000006eb200000)
 Metaspace       used 6678K, capacity 7320K, committed 7680K, reserved 1056768K
  class space    used 616K, capacity 656K, committed 768K, reserved 1048576K
}
Event: 21.390 GC heap before
{Heap before GC invocations=20 (full 5):
 PSYoungGen      total 992256K, used 149171K [0x000000076ab00000, 0x00000007bd000000, 0x00000007c0000000)
  eden space 796160K, 0% used [0x000000076ab00000,0x000000076ab00000,0x000000079b480000)
  from space 196096K, 76% used [0x000000079b480000,0x00000007a462cfe8,0x00000007a7400000)
  to   space 212480K, 0% used [0x00000007b0080000,0x00000007b0080000,0x00000007bd000000)
 ParOldGen       total 706560K, used 634611K [0x00000006c0000000, 0x00000006eb200000, 0x000000076ab00000)
  object space 706560K, 89% used [0x00000006c0000000,0x00000006e6bbce48,0x00000006eb200000)
 Metaspace       used 6678K, capacity 7320K, committed 7680K, reserved 1056768K
  class space    used 616K, capacity 656K, committed 768K, reserved 1048576K
Event: 24.531 GC heap after
Heap after GC invocations=20 (full 5):
 PSYoungGen      total 992256K, used 66344K [0x000000076ab00000, 0x00000007bd000000, 0x00000007c0000000)
  eden space 796160K, 0% used [0x000000076ab00000,0x000000076ab00000,0x000000079b480000)
  from space 196096K, 33% used [0x000000079b480000,0x000000079f54a3c0,0x00000007a7400000)
  to   space 212480K, 0% used [0x00000007b0080000,0x00000007b0080000,0x00000007bd000000)
 ParOldGen       total 706560K, used 706055K [0x00000006c0000000, 0x00000006eb200000, 0x000000076ab00000)
  object space 706560K, 99% used [0x00000006c0000000,0x00000006eb181f18,0x00000006eb200000)
 Metaspace       used 6678K, capacity 7320K, committed 7680K, reserved 1056768K
  class space    used 616K, capacity 656K, committed 768K, reserved 1048576K
}
Event: 25.497 GC heap before
{Heap before GC invocations=21 (full 6):
 PSYoungGen      total 992256K, used 862504K [0x000000076ab00000, 0x00000007bd000000, 0x00000007c0000000)
  eden space 796160K, 100% used [0x000000076ab00000,0x000000079b480000,0x000000079b480000)
  from space 196096K, 33% used [0x000000079b480000,0x000000079f54a3c0,0x00000007a7400000)
  to   space 212480K, 0% used [0x00000007b0080000,0x00000007b0080000,0x00000007bd000000)
 ParOldGen       total 706560K, used 706066K [0x00000006c0000000, 0x00000006eb200000, 0x000000076ab00000)
  object space 706560K, 99% used [0x00000006c0000000,0x00000006eb184868,0x00000006eb200000)
 Metaspace       used 6678K, capacity 7320K, committed 7680K, reserved 1056768K
  class space    used 616K, capacity 656K, committed 768K, reserved 1048576K
Event: 27.722 GC heap after
Heap after GC invocations=21 (full 6):
 PSYoungGen      total 992256K, used 49226K [0x000000076ab00000, 0x00000007bd000000, 0x00000007c0000000)
  eden space 796160K, 6% used [0x000000076ab00000,0x000000076db129b0,0x000000079b480000)
  from space 196096K, 0% used [0x000000079b480000,0x000000079b480000,0x00000007a7400000)
  to   space 212480K, 0% used [0x00000007b0080000,0x00000007b0080000,0x00000007bd000000)
 ParOldGen       total 706560K, used 706403K [0x00000006c0000000, 0x00000006eb200000, 0x000000076ab00000)
  object space 706560K, 99% used [0x00000006c0000000,0x00000006eb1d8fa0,0x00000006eb200000)
 Metaspace       used 6678K, capacity 7320K, committed 7680K, reserved 1056768K
  class space    used 616K, capacity 656K, committed 768K, reserved 1048576K
}
Event: 29.641 GC heap before
{Heap before GC invocations=22 (full 7):
 PSYoungGen      total 992256K, used 796160K [0x000000076ab00000, 0x00000007bd000000, 0x00000007c0000000)
  eden space 796160K, 100% used [0x000000076ab00000,0x000000079b480000,0x000000079b480000)
  from space 196096K, 0% used [0x000000079b480000,0x000000079b480000,0x00000007a7400000)
  to   space 212480K, 0% used [0x00000007b0080000,0x00000007b0080000,0x00000007bd000000)
 ParOldGen       total 706560K, used 706414K [0x00000006c0000000, 0x00000006eb200000, 0x000000076ab00000)
  object space 706560K, 99% used [0x00000006c0000000,0x00000006eb1dbbb8,0x00000006eb200000)
 Metaspace       used 6804K, capacity 7384K, committed 7680K, reserved 1056768K
  class space    used 622K, capacity 656K, committed 768K, reserved 1048576K
Event: 34.453 GC heap after
Heap after GC invocations=22 (full 7):
 PSYoungGen      total 992256K, used 158049K [0x000000076ab00000, 0x00000007bd000000, 0x00000007c0000000)
  eden space 796160K, 19% used [0x000000076ab00000,0x0000000774558678,0x000000079b480000)
  from space 196096K, 0% used [0x000000079b480000,0x000000079b480000,0x00000007a7400000)
  to   space 212480K, 0% used [0x00000007b0080000,0x00000007b0080000,0x00000007bd000000)
 ParOldGen       total 706560K, used 706335K [0x00000006c0000000, 0x00000006eb200000, 0x000000076ab00000)
  object space 706560K, 99% used [0x00000006c0000000,0x00000006eb1c7dd8,0x00000006eb200000)
 Metaspace       used 6804K, capacity 7384K, committed 7680K, reserved 1056768K
  class space    used 622K, capacity 656K, committed 768K, reserved 1048576K
}

