# JRE version: OpenJDK Runtime Environment (8.0_152-b01) (build 1.8.0_152-release-915-b01)
# Java VM: OpenJDK 64-Bit Server VM (25.152-b01 mixed mode windows-amd64 compressed oops)
Heap:
 PSYoungGen      total 599552K, used 283120K [0x000000076ab00000, 0x0000000799700000, 0x00000007c0000000)
  eden space 504320K, 47% used [0x000000076ab00000,0x0000000779316660,0x0000000789780000)
  from space 95232K, 47% used [0x0000000790c80000,0x00000007938e5b98,0x0000000796980000)
  to   space 119808K, 0% used [0x0000000789780000,0x0000000789780000,0x0000000790c80000)
 ParOldGen       total 468480K, used 291013K [0x00000006c0000000, 0x00000006dc980000, 0x000000076ab00000)
  object space 468480K, 62% used [0x00000006c0000000,0x00000006d1c31750,0x00000006dc980000)
 Metaspace       used 6707K, capacity 7320K, committed 7680K, reserved 1056768K
  class space    used 614K, capacity 656K, committed 768K, reserved 1048576K
GC Heap History (10 events):
Event: 9.887 GC heap before
{Heap before GC invocations=13 (full 1):
 PSYoungGen      total 434688K, used 431596K [0x000000076ab00000, 0x000000078f900000, 0x00000007c0000000)
  eden space 374784K, 100% used [0x000000076ab00000,0x0000000781900000,0x0000000781900000)
  from space 59904K, 94% used [0x0000000781900000,0x000000078507b210,0x0000000785380000)
  to   space 69120K, 0% used [0x000000078b580000,0x000000078b580000,0x000000078f900000)
 ParOldGen       total 163328K, used 119683K [0x00000006c0000000, 0x00000006c9f80000, 0x000000076ab00000)
  object space 163328K, 73% used [0x00000006c0000000,0x00000006c74e0e80,0x00000006c9f80000)
 Metaspace       used 6686K, capacity 7320K, committed 7680K, reserved 1056768K
  class space    used 613K, capacity 656K, committed 768K, reserved 1048576K
Event: 10.095 GC heap after
Heap after GC invocations=13 (full 1):
 PSYoungGen      total 507904K, used 69116K [0x000000076ab00000, 0x0000000793480000, 0x00000007c0000000)
  eden space 438784K, 0% used [0x000000076ab00000,0x000000076ab00000,0x0000000785780000)
  from space 69120K, 99% used [0x000000078b580000,0x000000078f8ff0e0,0x000000078f900000)
  to   space 96256K, 0% used [0x0000000785780000,0x0000000785780000,0x000000078b580000)
 ParOldGen       total 163328K, used 160270K [0x00000006c0000000, 0x00000006c9f80000, 0x000000076ab00000)
  object space 163328K, 98% used [0x00000006c0000000,0x00000006c9c83968,0x00000006c9f80000)
 Metaspace       used 6686K, capacity 7320K, committed 7680K, reserved 1056768K
  class space    used 613K, capacity 656K, committed 768K, reserved 1048576K
}
Event: 10.095 GC heap before
{Heap before GC invocations=14 (full 2):
 PSYoungGen      total 507904K, used 69116K [0x000000076ab00000, 0x0000000793480000, 0x00000007c0000000)
  eden space 438784K, 0% used [0x000000076ab00000,0x000000076ab00000,0x0000000785780000)
  from space 69120K, 99% used [0x000000078b580000,0x000000078f8ff0e0,0x000000078f900000)
  to   space 96256K, 0% used [0x0000000785780000,0x0000000785780000,0x000000078b580000)
 ParOldGen       total 163328K, used 160270K [0x00000006c0000000, 0x00000006c9f80000, 0x000000076ab00000)
  object space 163328K, 98% used [0x00000006c0000000,0x00000006c9c83968,0x00000006c9f80000)
 Metaspace       used 6686K, capacity 7320K, committed 7680K, reserved 1056768K
  class space    used 613K, capacity 656K, committed 768K, reserved 1048576K
Event: 11.215 GC heap after
Heap after GC invocations=14 (full 2):
 PSYoungGen      total 507904K, used 62729K [0x000000076ab00000, 0x0000000793480000, 0x00000007c0000000)
  eden space 438784K, 0% used [0x000000076ab00000,0x000000076ab00000,0x0000000785780000)
  from space 69120K, 90% used [0x000000078b580000,0x000000078f2c2400,0x000000078f900000)
  to   space 96256K, 0% used [0x0000000785780000,0x0000000785780000,0x000000078b580000)
 ParOldGen       total 291328K, used 163167K [0x00000006c0000000, 0x00000006d1c80000, 0x000000076ab00000)
  object space 291328K, 56% used [0x00000006c0000000,0x00000006c9f57ee0,0x00000006d1c80000)
 Metaspace       used 6686K, capacity 7320K, committed 7680K, reserved 1056768K
  class space    used 613K, capacity 656K, committed 768K, reserved 1048576K
}
Event: 12.311 GC heap before
{Heap before GC invocations=15 (full 2):
 PSYoungGen      total 507904K, used 501513K [0x000000076ab00000, 0x0000000793480000, 0x00000007c0000000)
  eden space 438784K, 100% used [0x000000076ab00000,0x0000000785780000,0x0000000785780000)
  from space 69120K, 90% used [0x000000078b580000,0x000000078f2c2400,0x000000078f900000)
  to   space 96256K, 0% used [0x0000000785780000,0x0000000785780000,0x000000078b580000)
 ParOldGen       total 291328K, used 163167K [0x00000006c0000000, 0x00000006d1c80000, 0x000000076ab00000)
  object space 291328K, 56% used [0x00000006c0000000,0x00000006c9f57ee0,0x00000006d1c80000)
 Metaspace       used 6692K, capacity 7320K, committed 7680K, reserved 1056768K
  class space    used 614K, capacity 656K, committed 768K, reserved 1048576K
Event: 12.498 GC heap after
Heap after GC invocations=15 (full 2):
 PSYoungGen      total 535040K, used 47570K [0x000000076ab00000, 0x0000000796980000, 0x00000007c0000000)
  eden space 438784K, 0% used [0x000000076ab00000,0x000000076ab00000,0x0000000785780000)
  from space 96256K, 49% used [0x0000000785780000,0x00000007885f4a78,0x000000078b580000)
  to   space 95232K, 0% used [0x0000000790c80000,0x0000000790c80000,0x0000000796980000)
 ParOldGen       total 291328K, used 226432K [0x00000006c0000000, 0x00000006d1c80000, 0x000000076ab00000)
  object space 291328K, 77% used [0x00000006c0000000,0x00000006cdd201c0,0x00000006d1c80000)
 Metaspace       used 6692K, capacity 7320K, committed 7680K, reserved 1056768K
  class space    used 614K, capacity 656K, committed 768K, reserved 1048576K
}
Event: 14.935 GC heap before
{Heap before GC invocations=16 (full 2):
 PSYoungGen      total 535040K, used 486354K [0x000000076ab00000, 0x0000000796980000, 0x00000007c0000000)
  eden space 438784K, 100% used [0x000000076ab00000,0x0000000785780000,0x0000000785780000)
  from space 96256K, 49% used [0x0000000785780000,0x00000007885f4a78,0x000000078b580000)
  to   space 95232K, 0% used [0x0000000790c80000,0x0000000790c80000,0x0000000796980000)
 ParOldGen       total 291328K, used 226432K [0x00000006c0000000, 0x00000006d1c80000, 0x000000076ab00000)
  object space 291328K, 77% used [0x00000006c0000000,0x00000006cdd201c0,0x00000006d1c80000)
 Metaspace       used 6706K, capacity 7320K, committed 7680K, reserved 1056768K
  class space    used 614K, capacity 656K, committed 768K, reserved 1048576K
Event: 15.154 GC heap after
Heap after GC invocations=16 (full 2):
 PSYoungGen      total 599552K, used 95214K [0x000000076ab00000, 0x0000000799700000, 0x00000007c0000000)
  eden space 504320K, 0% used [0x000000076ab00000,0x000000076ab00000,0x0000000789780000)
  from space 95232K, 99% used [0x0000000790c80000,0x000000079697bb08,0x0000000796980000)
  to   space 119808K, 0% used [0x0000000789780000,0x0000000789780000,0x0000000790c80000)
 ParOldGen       total 291328K, used 248830K [0x00000006c0000000, 0x00000006d1c80000, 0x000000076ab00000)
  object space 291328K, 85% used [0x00000006c0000000,0x00000006cf2ffb48,0x00000006d1c80000)
 Metaspace       used 6706K, capacity 7320K, committed 7680K, reserved 1056768K
  class space    used 614K, capacity 656K, committed 768K, reserved 1048576K
}
Event: 15.154 GC heap before
{Heap before GC invocations=17 (full 3):
 PSYoungGen      total 599552K, used 95214K [0x000000076ab00000, 0x0000000799700000, 0x00000007c0000000)
  eden space 504320K, 0% used [0x000000076ab00000,0x000000076ab00000,0x0000000789780000)
  from space 95232K, 99% used [0x0000000790c80000,0x000000079697bb08,0x0000000796980000)
  to   space 119808K, 0% used [0x0000000789780000,0x0000000789780000,0x0000000790c80000)
 ParOldGen       total 291328K, used 248830K [0x00000006c0000000, 0x00000006d1c80000, 0x000000076ab00000)
  object space 291328K, 85% used [0x00000006c0000000,0x00000006cf2ffb48,0x00000006d1c80000)
 Metaspace       used 6706K, capacity 7320K, committed 7680K, reserved 1056768K
  class space    used 614K, capacity 656K, committed 768K, reserved 1048576K
Event: 16.597 GC heap after
Heap after GC invocations=17 (full 3):
 PSYoungGen      total 599552K, used 45462K [0x000000076ab00000, 0x0000000799700000, 0x00000007c0000000)
  eden space 504320K, 0% used [0x000000076ab00000,0x000000076ab00000,0x0000000789780000)
  from space 95232K, 47% used [0x0000000790c80000,0x00000007938e5b98,0x0000000796980000)
  to   space 119808K, 0% used [0x0000000789780000,0x0000000789780000,0x0000000790c80000)
 ParOldGen       total 468480K, used 291013K [0x00000006c0000000, 0x00000006dc980000, 0x000000076ab00000)
  object space 468480K, 62% used [0x00000006c0000000,0x00000006d1c31750,0x00000006dc980000)
 Metaspace       used 6706K, capacity 7320K, committed 7680K, reserved 1056768K
  class space    used 614K, capacity 656K, committed 768K, reserved 1048576K
}

