# JRE version: OpenJDK Runtime Environment (8.0_152-b01) (build 1.8.0_152-release-915-b01)
# Java VM: OpenJDK 64-Bit Server VM (25.152-b01 mixed mode windows-amd64 compressed oops)
Heap:
 PSYoungGen      total 902144K, used 246503K [0x000000076ab00000, 0x00000007bfe00000, 0x00000007c0000000)
  eden space 699904K, 6% used [0x000000076ab00000,0x000000076d63dd00,0x0000000795680000)
  from space 202240K, 99% used [0x0000000795680000,0x00000007a1bfc2a8,0x00000007a1c00000)
  to   space 316416K, 0% used [0x00000007ac900000,0x00000007ac900000,0x00000007bfe00000)
 ParOldGen       total 801280K, used 643340K [0x00000006c0000000, 0x00000006f0e80000, 0x000000076ab00000)
  object space 801280K, 80% used [0x00000006c0000000,0x00000006e7443240,0x00000006f0e80000)
 Metaspace       used 6765K, capacity 7384K, committed 7680K, reserved 1056768K
  class space    used 619K, capacity 656K, committed 768K, reserved 1048576K
GC Heap History (10 events):
Event: 16.112 GC heap before
{Heap before GC invocations=17 (full 3):
 PSYoungGen      total 770048K, used 770029K [0x000000076ab00000, 0x00000007acd00000, 0x00000007c0000000)
  eden space 631808K, 100% used [0x000000076ab00000,0x0000000791400000,0x0000000791400000)
  from space 138240K, 99% used [0x0000000791400000,0x0000000799afb7c8,0x0000000799b00000)
  to   space 181248K, 0% used [0x00000007a1c00000,0x00000007a1c00000,0x00000007acd00000)
 ParOldGen       total 514560K, used 363365K [0x00000006c0000000, 0x00000006df680000, 0x000000076ab00000)
  object space 514560K, 70% used [0x00000006c0000000,0x00000006d62d96a0,0x00000006df680000)
 Metaspace       used 6707K, capacity 7320K, committed 7680K, reserved 1056768K
  class space    used 615K, capacity 656K, committed 768K, reserved 1048576K
Event: 16.399 GC heap after
Heap after GC invocations=17 (full 3):
 PSYoungGen      total 881152K, used 153085K [0x000000076ab00000, 0x00000007b0200000, 0x00000007c0000000)
  eden space 699904K, 0% used [0x000000076ab00000,0x000000076ab00000,0x0000000795680000)
  from space 181248K, 84% used [0x00000007a1c00000,0x00000007ab17f6c0,0x00000007acd00000)
  to   space 202240K, 0% used [0x0000000795680000,0x0000000795680000,0x00000007a1c00000)
 ParOldGen       total 514560K, used 447520K [0x00000006c0000000, 0x00000006df680000, 0x000000076ab00000)
  object space 514560K, 86% used [0x00000006c0000000,0x00000006db508080,0x00000006df680000)
 Metaspace       used 6707K, capacity 7320K, committed 7680K, reserved 1056768K
  class space    used 615K, capacity 656K, committed 768K, reserved 1048576K
}
Event: 16.399 GC heap before
{Heap before GC invocations=18 (full 4):
 PSYoungGen      total 881152K, used 153085K [0x000000076ab00000, 0x00000007b0200000, 0x00000007c0000000)
  eden space 699904K, 0% used [0x000000076ab00000,0x000000076ab00000,0x0000000795680000)
  from space 181248K, 84% used [0x00000007a1c00000,0x00000007ab17f6c0,0x00000007acd00000)
  to   space 202240K, 0% used [0x0000000795680000,0x0000000795680000,0x00000007a1c00000)
 ParOldGen       total 514560K, used 447520K [0x00000006c0000000, 0x00000006df680000, 0x000000076ab00000)
  object space 514560K, 86% used [0x00000006c0000000,0x00000006db508080,0x00000006df680000)
 Metaspace       used 6707K, capacity 7320K, committed 7680K, reserved 1056768K
  class space    used 615K, capacity 656K, committed 768K, reserved 1048576K
Event: 20.139 GC heap after
Heap after GC invocations=18 (full 4):
 PSYoungGen      total 881152K, used 79321K [0x000000076ab00000, 0x00000007b0200000, 0x00000007c0000000)
  eden space 699904K, 0% used [0x000000076ab00000,0x000000076ab00000,0x0000000795680000)
  from space 181248K, 43% used [0x00000007a1c00000,0x00000007a69766f8,0x00000007acd00000)
  to   space 202240K, 0% used [0x0000000795680000,0x0000000795680000,0x00000007a1c00000)
 ParOldGen       total 801280K, used 514278K [0x00000006c0000000, 0x00000006f0e80000, 0x000000076ab00000)
  object space 801280K, 64% used [0x00000006c0000000,0x00000006df639bb8,0x00000006f0e80000)
 Metaspace       used 6707K, capacity 7320K, committed 7680K, reserved 1056768K
  class space    used 615K, capacity 656K, committed 768K, reserved 1048576K
}
Event: 22.693 GC heap before
{Heap before GC invocations=19 (full 4):
 PSYoungGen      total 881152K, used 779225K [0x000000076ab00000, 0x00000007b0200000, 0x00000007c0000000)
  eden space 699904K, 100% used [0x000000076ab00000,0x0000000795680000,0x0000000795680000)
  from space 181248K, 43% used [0x00000007a1c00000,0x00000007a69766f8,0x00000007acd00000)
  to   space 202240K, 0% used [0x0000000795680000,0x0000000795680000,0x00000007a1c00000)
 ParOldGen       total 801280K, used 514278K [0x00000006c0000000, 0x00000006f0e80000, 0x000000076ab00000)
  object space 801280K, 64% used [0x00000006c0000000,0x00000006df639bb8,0x00000006f0e80000)
 Metaspace       used 6708K, capacity 7320K, committed 7680K, reserved 1056768K
  class space    used 615K, capacity 656K, committed 768K, reserved 1048576K
Event: 23.033 GC heap after
Heap after GC invocations=19 (full 4):
 PSYoungGen      total 902144K, used 202217K [0x000000076ab00000, 0x00000007b9d80000, 0x00000007c0000000)
  eden space 699904K, 0% used [0x000000076ab00000,0x000000076ab00000,0x0000000795680000)
  from space 202240K, 99% used [0x0000000795680000,0x00000007a1bfa728,0x00000007a1c00000)
  to   space 251392K, 0% used [0x00000007aa800000,0x00000007aa800000,0x00000007b9d80000)
 ParOldGen       total 801280K, used 553525K [0x00000006c0000000, 0x00000006f0e80000, 0x000000076ab00000)
  object space 801280K, 69% used [0x00000006c0000000,0x00000006e1c8d4d0,0x00000006f0e80000)
 Metaspace       used 6708K, capacity 7320K, committed 7680K, reserved 1056768K
  class space    used 615K, capacity 656K, committed 768K, reserved 1048576K
}
Event: 24.016 GC heap before
{Heap before GC invocations=20 (full 4):
 PSYoungGen      total 902144K, used 902121K [0x000000076ab00000, 0x00000007b9d80000, 0x00000007c0000000)
  eden space 699904K, 100% used [0x000000076ab00000,0x0000000795680000,0x0000000795680000)
  from space 202240K, 99% used [0x0000000795680000,0x00000007a1bfa728,0x00000007a1c00000)
  to   space 251392K, 0% used [0x00000007aa800000,0x00000007aa800000,0x00000007b9d80000)
 ParOldGen       total 801280K, used 553525K [0x00000006c0000000, 0x00000006f0e80000, 0x000000076ab00000)
  object space 801280K, 69% used [0x00000006c0000000,0x00000006e1c8d4d0,0x00000006f0e80000)
 Metaspace       used 6708K, capacity 7320K, committed 7680K, reserved 1056768K
  class space    used 615K, capacity 656K, committed 768K, reserved 1048576K
Event: 24.246 GC heap after
Heap after GC invocations=20 (full 4):
 PSYoungGen      total 951296K, used 231087K [0x000000076ab00000, 0x00000007b9d80000, 0x00000007c0000000)
  eden space 699904K, 0% used [0x000000076ab00000,0x000000076ab00000,0x0000000795680000)
  from space 251392K, 91% used [0x00000007aa800000,0x00000007b89abe20,0x00000007b9d80000)
  to   space 202240K, 0% used [0x0000000795680000,0x0000000795680000,0x00000007a1c00000)
 ParOldGen       total 801280K, used 614360K [0x00000006c0000000, 0x00000006f0e80000, 0x000000076ab00000)
  object space 801280K, 76% used [0x00000006c0000000,0x00000006e57f6258,0x00000006f0e80000)
 Metaspace       used 6708K, capacity 7320K, committed 7680K, reserved 1056768K
  class space    used 615K, capacity 656K, committed 768K, reserved 1048576K
}
Event: 30.667 GC heap before
{Heap before GC invocations=21 (full 4):
 PSYoungGen      total 951296K, used 930991K [0x000000076ab00000, 0x00000007b9d80000, 0x00000007c0000000)
  eden space 699904K, 100% used [0x000000076ab00000,0x0000000795680000,0x0000000795680000)
  from space 251392K, 91% used [0x00000007aa800000,0x00000007b89abe20,0x00000007b9d80000)
  to   space 202240K, 0% used [0x0000000795680000,0x0000000795680000,0x00000007a1c00000)
 ParOldGen       total 801280K, used 614360K [0x00000006c0000000, 0x00000006f0e80000, 0x000000076ab00000)
  object space 801280K, 76% used [0x00000006c0000000,0x00000006e57f6258,0x00000006f0e80000)
 Metaspace       used 6711K, capacity 7320K, committed 7680K, reserved 1056768K
  class space    used 615K, capacity 656K, committed 768K, reserved 1048576K
Event: 30.891 GC heap after
Heap after GC invocations=21 (full 4):
 PSYoungGen      total 902144K, used 202224K [0x000000076ab00000, 0x00000007bfe00000, 0x00000007c0000000)
  eden space 699904K, 0% used [0x000000076ab00000,0x000000076ab00000,0x0000000795680000)
  from space 202240K, 99% used [0x0000000795680000,0x00000007a1bfc2a8,0x00000007a1c00000)
  to   space 316416K, 0% used [0x00000007ac900000,0x00000007ac900000,0x00000007bfe00000)
 ParOldGen       total 801280K, used 643340K [0x00000006c0000000, 0x00000006f0e80000, 0x000000076ab00000)
  object space 801280K, 80% used [0x00000006c0000000,0x00000006e7443240,0x00000006f0e80000)
 Metaspace       used 6711K, capacity 7320K, committed 7680K, reserved 1056768K
  class space    used 615K, capacity 656K, committed 768K, reserved 1048576K
}

